{"numTotalTestSuites":35,"numPassedTestSuites":35,"numFailedTestSuites":0,"numPendingTestSuites":0,"numTotalTests":113,"numPassedTests":113,"numFailedTests":0,"numPendingTests":0,"numTodoTests":0,"snapshot":{"added":0,"failure":false,"filesAdded":0,"filesRemoved":0,"filesRemovedList":[],"filesUnmatched":0,"filesUpdated":0,"matched":0,"total":0,"unchecked":0,"uncheckedKeysByFile":[],"unmatched":0,"updated":0,"didUpdate":false},"startTime":1789203437349,"success":true,"testResults":[{"assertionResults":[{"ancestorTitles":["parseLrc"],"fullName":"parseLrc parses standard [mm:ss.xx] timestamps","status":"passed","title":"parses standard [mm:ss.xx] timestamps","duration":2.981700000000046,"failureMessages":[],"meta":{}},{"ancestorTitles":["parseLrc"],"fullName":"parseLrc accepts [mm:ss] without a fraction and the [mm:ss:xx] colon form","status":"passed","title":"accepts [mm:ss] without a fraction and the [mm:ss:xx] colon form","duration":0.5448000000000093,"failureMessages":[],"meta":{}},{"ancestorTitles":["parseLrc"],"fullName":"parseLrc treats .5 / .50 / .500 identically (fraction scaled by digit count)","status":"passed","title":"treats .5 / .50 / .500 identically (fraction scaled by digit count)","duration":0.4561999999999671,"failureMessages":[],"meta":{}},{"ancestorTitles":["parseLrc"],"fullName":"parseLrc expands one line carrying several timestamps into several entries","status":"passed","title":"expands one line carrying several timestamps into several entries","duration":0.3731999999999971,"failureMessages":[],"meta":{}},{"ancestorTitles":["parseLrc"],"fullName":"parseLrc ignores metadata tags such as [ti:] and [ar:]","status":"passed","title":"ignores metadata tags such as [ti:] and [ar:]","duration":0.2982000000000653,"failureMessages":[],"meta":{}},{"ancestorTitles":["parseLrc"],"fullName":"parseLrc sorts out-of-order timestamps ascending","status":"passed","title":"sorts out-of-order timestamps ascending","duration":0.4191000000000713,"failureMessages":[],"meta":{}},{"ancestorTitles":["parseLrc"],"fullName":"parseLrc returns nothing for empty text or lines without a timestamp","status":"passed","title":"returns nothing for empty text or lines without a timestamp","duration":0.3524999999999636,"failureMessages":[],"meta":{}},{"ancestorTitles":["parseLrc"],"fullName":"parseLrc keeps an empty text for a timestamp-only line and handles CRLF","status":"passed","title":"keeps an empty text for a timestamp-only line and handles CRLF","duration":0.293700000000058,"failureMessages":[],"meta":{}},{"ancestorTitles":["parseLrc"],"fullName":"parseLrc supports 3-digit minutes (long tracks) and 1-digit seconds","status":"passed","title":"supports 3-digit minutes (long tracks) and 1-digit seconds","duration":0.2747999999999138,"failureMessages":[],"meta":{}}],"startTime":1789203438072,"endTime":1789203438078.2937,"status":"passed","message":"","name":"C:/博830/vibecoding/nebula-player/src/main/__tests__/lrc.test.ts"},{"assertionResults":[{"ancestorTitles":["needsConvert"],"fullName":"needsConvert returns null for natively playable containers","status":"passed","title":"returns null for natively playable containers","duration":1.9921000000000504,"failureMessages":[],"meta":{}},{"ancestorTitles":["needsConvert"],"fullName":"needsConvert routes ape to wav and aac to m4a","status":"passed","title":"routes ape to wav and aac to m4a","duration":0.38369999999997617,"failureMessages":[],"meta":{}},{"ancestorTitles":["needsConvert"],"fullName":"needsConvert returns null for unknown or missing extensions","status":"passed","title":"returns null for unknown or missing extensions","duration":0.3587999999999738,"failureMessages":[],"meta":{}},{"ancestorTitles":["needsConvert"],"fullName":"needsConvert is case-insensitive","status":"passed","title":"is case-insensitive","duration":0.24049999999999727,"failureMessages":[],"meta":{}},{"ancestorTitles":["needsConvert"],"fullName":"needsConvert uses only the final extension","status":"passed","title":"uses only the final extension","duration":0.18269999999995434,"failureMessages":[],"meta":{}},{"ancestorTitles":["needsConvert"],"fullName":"needsConvert exposes the underlying tables","status":"passed","title":"exposes the underlying tables","duration":0.21649999999999636,"failureMessages":[],"meta":{}}],"startTime":1789203438083,"endTime":1789203438086.2405,"status":"passed","message":"","name":"C:/博830/vibecoding/nebula-player/src/main/__tests__/mediaFormats.test.ts"},{"assertionResults":[{"ancestorTitles":["extOf"],"fullName":"extOf returns the lowercase extension without the dot","status":"passed","title":"returns the lowercase extension without the dot","duration":2.3215000000000146,"failureMessages":[],"meta":{}},{"ancestorTitles":["extOf"],"fullName":"extOf returns an empty string when there is no extension","status":"passed","title":"returns an empty string when there is no extension","duration":0.4634000000000924,"failureMessages":[],"meta":{}},{"ancestorTitles":["displayFolderName"],"fullName":"displayFolderName uses the last path segment","status":"passed","title":"uses the last path segment","duration":0.4677000000000362,"failureMessages":[],"meta":{}},{"ancestorTitles":["mapLimit"],"fullName":"mapLimit preserves input order even when tasks resolve out of order","status":"passed","title":"preserves input order even when tasks resolve out of order","duration":42.363200000000006,"failureMessages":[],"meta":{}},{"ancestorTitles":["mapLimit"],"fullName":"mapLimit never runs more than `limit` tasks at once","status":"passed","title":"never runs more than `limit` tasks at once","duration":62.11150000000009,"failureMessages":[],"meta":{}},{"ancestorTitles":["mapLimit"],"fullName":"mapLimit handles empty input and a limit larger than the item count","status":"passed","title":"handles empty input and a limit larger than the item count","duration":0.6192999999999529,"failureMessages":[],"meta":{}},{"ancestorTitles":["mapLimit"],"fullName":"mapLimit receives the index alongside each item","status":"passed","title":"receives the index alongside each item","duration":0.4359999999999218,"failureMessages":[],"meta":{}},{"ancestorTitles":["collectAudioFiles"],"fullName":"collectAudioFiles collects supported audio recursively and skips hidden/tool dirs","status":"passed","title":"collects supported audio recursively and skips hidden/tool dirs","duration":3.0195999999999685,"failureMessages":[],"meta":{}},{"ancestorTitles":["collectAudioFiles"],"fullName":"collectAudioFiles does not descend into .hidden, node_modules or .git","status":"passed","title":"does not descend into .hidden, node_modules or .git","duration":2.6089000000000624,"failureMessages":[],"meta":{}},{"ancestorTitles":["collectAudioFiles"],"fullName":"collectAudioFiles imports a single supported file directly","status":"passed","title":"imports a single supported file directly","duration":2.2776000000000067,"failureMessages":[],"meta":{}},{"ancestorTitles":["collectAudioFiles"],"fullName":"collectAudioFiles returns nothing for an unsupported single file or a missing path","status":"passed","title":"returns nothing for an unsupported single file or a missing path","duration":1.1800000000000637,"failureMessages":[],"meta":{}},{"ancestorTitles":["collectAudioFiles"],"fullName":"collectAudioFiles stops immediately when the signal is already cancelled","status":"passed","title":"stops immediately when the signal is already cancelled","duration":0.48499999999989996,"failureMessages":[],"meta":{}}],"startTime":1789203438074,"endTime":1789203438233.485,"status":"passed","message":"","name":"C:/博830/vibecoding/nebula-player/src/main/__tests__/scanner.test.ts"},{"assertionResults":[{"ancestorTitles":["destructive tool guard (tools.ts)"],"fullName":"destructive tool guard (tools.ts) knows which tools are destructive","status":"passed","title":"knows which tools are destructive","duration":3.856400000000008,"failureMessages":[],"meta":{}},{"ancestorTitles":["destructive tool guard (tools.ts)"],"fullName":"destructive tool guard (tools.ts) summarises the pending operation for the confirmation bar","status":"passed","title":"summarises the pending operation for the confirmation bar","duration":1.3694000000000415,"failureMessages":[],"meta":{}},{"ancestorTitles":["destructive tool guard (tools.ts)"],"fullName":"destructive tool guard (tools.ts) does NOT execute remove_from_playlist without user approval","status":"passed","title":"does NOT execute remove_from_playlist without user approval","duration":2.8758000000000266,"failureMessages":[],"meta":{}},{"ancestorTitles":["destructive tool guard (tools.ts)"],"fullName":"destructive tool guard (tools.ts) cannot be self-approved: a token only authorises its own run + call","status":"passed","title":"cannot be self-approved: a token only authorises its own run + call","duration":1.5958000000000538,"failureMessages":[],"meta":{}},{"ancestorTitles":["destructive tool guard (tools.ts)"],"fullName":"destructive tool guard (tools.ts) leaves non-destructive tools untouched (no confirmation, executed at once)","status":"passed","title":"leaves non-destructive tools untouched (no confirmation, executed at once)","duration":1.2548999999999069,"failureMessages":[],"meta":{}},{"ancestorTitles":["chat confirmation flow (chatStore.ts)"],"fullName":"chat confirmation flow (chatStore.ts) pauses the turn on a destructive call and continues as soon as the user confirms","status":"passed","title":"pauses the turn on a destructive call and continues as soon as the user confirms","duration":4.7771000000000186,"failureMessages":[],"meta":{}},{"ancestorTitles":["chat confirmation flow (chatStore.ts)"],"fullName":"chat confirmation flow (chatStore.ts) tells the model the user cancelled and keeps the sequence intact (no duplicate tool message)","status":"passed","title":"tells the model the user cancelled and keeps the sequence intact (no duplicate tool message)","duration":1.846400000000017,"failureMessages":[],"meta":{}},{"ancestorTitles":["chat confirmation flow (chatStore.ts)"],"fullName":"chat confirmation flow (chatStore.ts) runs non-destructive calls inline without any confirmation","status":"passed","title":"runs non-destructive calls inline without any confirmation","duration":1.5798000000000911,"failureMessages":[],"meta":{}},{"ancestorTitles":["chat confirmation flow (chatStore.ts)"],"fullName":"chat confirmation flow (chatStore.ts) blocks new messages while a confirmation is pending","status":"passed","title":"blocks new messages while a confirmation is pending","duration":0.8538999999999533,"failureMessages":[],"meta":{}},{"ancestorTitles":["chat confirmation flow (chatStore.ts)"],"fullName":"chat confirmation flow (chatStore.ts) answers every tool call of the round when the destructive one is not last","status":"passed","title":"answers every tool call of the round when the destructive one is not last","duration":2.1410999999999376,"failureMessages":[],"meta":{}},{"ancestorTitles":["chat confirmation flow (chatStore.ts)"],"fullName":"chat confirmation flow (chatStore.ts) keeps the narration produced before the pause when the resumed round emits no text","status":"passed","title":"keeps the narration produced before the pause when the resumed round emits no text","duration":1.2741999999999507,"failureMessages":[],"meta":{}}],"startTime":1789203438303,"endTime":1789203438327.2742,"status":"passed","message":"","name":"C:/博830/vibecoding/nebula-player/src/renderer/src/lib/__tests__/chatConfirm.test.ts"},{"assertionResults":[{"ancestorTitles":["formatTime"],"fullName":"formatTime formats minutes and seconds","status":"passed","title":"formats minutes and seconds","duration":2.3033000000000357,"failureMessages":[],"meta":{}},{"ancestorTitles":["formatTime"],"fullName":"formatTime formats hours","status":"passed","title":"formats hours","duration":0.37249999999994543,"failureMessages":[],"meta":{}},{"ancestorTitles":["formatTime"],"fullName":"formatTime handles invalid input","status":"passed","title":"handles invalid input","duration":0.2622000000000071,"failureMessages":[],"meta":{}},{"ancestorTitles":["formatDuration"],"fullName":"formatDuration summarizes durations","status":"passed","title":"summarizes durations","duration":0.5452000000000226,"failureMessages":[],"meta":{}}],"startTime":1789203438072,"endTime":1789203438075.5452,"status":"passed","message":"","name":"C:/博830/vibecoding/nebula-player/src/renderer/src/lib/__tests__/format.test.ts"},{"assertionResults":[{"ancestorTitles":["lyricsOffset — stepping"],"fullName":"lyricsOffset — stepping adjusts by the ±0.5s step","status":"passed","title":"adjusts by the ±0.5s step","duration":3.046999999999912,"failureMessages":[],"meta":{}},{"ancestorTitles":["lyricsOffset — stepping"],"fullName":"lyricsOffset — stepping clamps to ±30s in both directions","status":"passed","title":"clamps to ±30s in both directions","duration":0.7649000000000115,"failureMessages":[],"meta":{}},{"ancestorTitles":["lyricsOffset — stepping"],"fullName":"lyricsOffset — stepping rounds to 0.1s precision","status":"passed","title":"rounds to 0.1s precision","duration":0.49349999999992633,"failureMessages":[],"meta":{}},{"ancestorTitles":["lyricsOffset — stepping"],"fullName":"lyricsOffset — stepping treats non-finite input as zero rather than NaN","status":"passed","title":"treats non-finite input as zero rather than NaN","duration":0.39419999999995525,"failureMessages":[],"meta":{}},{"ancestorTitles":["lyricsOffset — storage"],"fullName":"lyricsOffset — storage stores per track and keeps trackIds isolated","status":"passed","title":"stores per track and keeps trackIds isolated","duration":0.4337000000000444,"failureMessages":[],"meta":{}},{"ancestorTitles":["lyricsOffset — storage"],"fullName":"lyricsOffset — storage removes the entry (and the key) when the offset becomes 0","status":"passed","title":"removes the entry (and the key) when the offset becomes 0","duration":0.40780000000006567,"failureMessages":[],"meta":{}},{"ancestorTitles":["lyricsOffset — storage"],"fullName":"lyricsOffset — storage clearOffset forgets a single track only","status":"passed","title":"clearOffset forgets a single track only","duration":0.39220000000000255,"failureMessages":[],"meta":{}},{"ancestorTitles":["lyricsOffset — storage"],"fullName":"lyricsOffset — storage ignores a null/undefined/empty trackId without writing","status":"passed","title":"ignores a null/undefined/empty trackId without writing","duration":0.46669999999994616,"failureMessages":[],"meta":{}},{"ancestorTitles":["lyricsOffset — storage"],"fullName":"lyricsOffset — storage survives corrupt JSON and drops non-numeric entries","status":"passed","title":"survives corrupt JSON and drops non-numeric entries","duration":1.8559999999999945,"failureMessages":[],"meta":{}},{"ancestorTitles":["lyricsOffset — storage"],"fullName":"lyricsOffset — storage does not throw when localStorage is unavailable or missing","status":"passed","title":"does not throw when localStorage is unavailable or missing","duration":1.1107000000000653,"failureMessages":[],"meta":{}},{"ancestorTitles":["lyricsOffset — display + external store"],"fullName":"lyricsOffset — display + external store formatOffset renders signed tenths and clamps first","status":"passed","title":"formatOffset renders signed tenths and clamps first","duration":0.31380000000001473,"failureMessages":[],"meta":{}},{"ancestorTitles":["lyricsOffset — display + external store"],"fullName":"lyricsOffset — display + external store hasOffset is false for zero and for values that round to zero","status":"passed","title":"hasOffset is false for zero and for values that round to zero","duration":0.3248000000000957,"failureMessages":[],"meta":{}},{"ancestorTitles":["lyricsOffset — display + external store"],"fullName":"lyricsOffset — display + external store notifies subscribers on write and stops after unsubscribing","status":"passed","title":"notifies subscribers on write and stops after unsubscribing","duration":0.45269999999993615,"failureMessages":[],"meta":{}},{"ancestorTitles":["lyricsOffset — display + external store"],"fullName":"lyricsOffset — display + external store getOffsetSnapshot returns a live getter for useSyncExternalStore","status":"passed","title":"getOffsetSnapshot returns a live getter for useSyncExternalStore","duration":0.27509999999995216,"failureMessages":[],"meta":{}}],"startTime":1789203438073,"endTime":1789203438085.2751,"status":"passed","message":"","name":"C:/博830/vibecoding/nebula-player/src/renderer/src/lib/__tests__/lyricsOffset.test.ts"},{"assertionResults":[{"ancestorTitles":["playerStore sleep timer"],"fullName":"playerStore sleep timer arms a countdown, ticks the badge and pauses when it runs out","status":"passed","title":"arms a countdown, ticks the badge and pauses when it runs out","duration":30.656099999999924,"failureMessages":[],"meta":{}},{"ancestorTitles":["playerStore sleep timer"],"fullName":"playerStore sleep timer cancel clears the timer and stops the clock","status":"passed","title":"cancel clears the timer and stops the clock","duration":2.2636000000001104,"failureMessages":[],"meta":{}},{"ancestorTitles":["playerStore sleep timer"],"fullName":"playerStore sleep timer arms both ended-driven modes without a deadline","status":"passed","title":"arms both ended-driven modes without a deadline","duration":3.108699999999999,"failureMessages":[],"meta":{}},{"ancestorTitles":["playerStore sleep timer"],"fullName":"playerStore sleep timer a manual skip drops an ended-driven timer but keeps a countdown","status":"passed","title":"a manual skip drops an ended-driven timer but keeps a countdown","duration":1.9159000000000788,"failureMessages":[],"meta":{}},{"ancestorTitles":["playerStore sleep timer"],"fullName":"playerStore sleep timer pauses on the natural end of the current track (no repeat, no advance)","status":"passed","title":"pauses on the natural end of the current track (no repeat, no advance)","duration":1.4038000000000466,"failureMessages":[],"meta":{}},{"ancestorTitles":["playerStore sleep timer"],"fullName":"playerStore sleep timer keeps playing through the queue and only stops once the queue ends","status":"passed","title":"keeps playing through the queue and only stops once the queue ends","duration":1.8106000000000222,"failureMessages":[],"meta":{}},{"ancestorTitles":["playerStore sleep timer"],"fullName":"playerStore sleep timer stops a single-track queue instead of looping forever","status":"passed","title":"stops a single-track queue instead of looping forever","duration":1.2039000000000897,"failureMessages":[],"meta":{}},{"ancestorTitles":["playerStore sleep timer"],"fullName":"playerStore sleep timer never persists the timer — a restart starts with sleep off","status":"passed","title":"never persists the timer — a restart starts with sleep off","duration":2.0126999999999953,"failureMessages":[],"meta":{}},{"ancestorTitles":["playerStore sleep timer"],"fullName":"playerStore sleep timer wraps back to index 0 when the last track ends with no timer armed","status":"passed","title":"wraps back to index 0 when the last track ends with no timer armed","duration":1.135599999999954,"failureMessages":[],"meta":{}},{"ancestorTitles":["playerStore sleep timer"],"fullName":"playerStore sleep timer wraps back to index 0 on a manual next from the last track","status":"passed","title":"wraps back to index 0 on a manual next from the last track","duration":1.5964999999999918,"failureMessages":[],"meta":{}},{"ancestorTitles":["playerStore sleep timer"],"fullName":"playerStore sleep timer still wraps in 'one' mode when the user explicitly skips","status":"passed","title":"still wraps in 'one' mode when the user explicitly skips","duration":2.023800000000051,"failureMessages":[],"meta":{}},{"ancestorTitles":["playerStore sleep timer"],"fullName":"playerStore sleep timer an armed queue timer fires when the only track repeats in 'one' mode","status":"passed","title":"an armed queue timer fires when the only track repeats in 'one' mode","duration":1.0795000000000528,"failureMessages":[],"meta":{}},{"ancestorTitles":["playerStore sleep timer"],"fullName":"playerStore sleep timer a manual skip only drops the track timer, keeping an armed queue timer","status":"passed","title":"a manual skip only drops the track timer, keeping an armed queue timer","duration":1.183999999999969,"failureMessages":[],"meta":{}}],"startTime":1789203438275,"endTime":1789203438327.184,"status":"passed","message":"","name":"C:/博830/vibecoding/nebula-player/src/renderer/src/lib/__tests__/playerStoreSleep.test.ts"},{"assertionResults":[{"ancestorTitles":["withQueueContext"],"fullName":"withQueueContext expands a single request to the same album first","status":"passed","title":"expands a single request to the same album first","duration":3.398800000000051,"failureMessages":[],"meta":{}},{"ancestorTitles":["withQueueContext"],"fullName":"withQueueContext falls back to the same artist when the album is too small","status":"passed","title":"falls back to the same artist when the album is too small","duration":0.6584000000000287,"failureMessages":[],"meta":{}},{"ancestorTitles":["withQueueContext"],"fullName":"withQueueContext fills from the whole library when the artist has too few tracks","status":"passed","title":"fills from the whole library when the artist has too few tracks","duration":1.728399999999965,"failureMessages":[],"meta":{}},{"ancestorTitles":["withQueueContext"],"fullName":"withQueueContext never duplicates the requested track and drops missing ids","status":"passed","title":"never duplicates the requested track and drops missing ids","duration":0.43039999999996326,"failureMessages":[],"meta":{}},{"ancestorTitles":["withQueueContext"],"fullName":"withQueueContext respects the 50-track cap","status":"passed","title":"respects the 50-track cap","duration":0.6823000000000548,"failureMessages":[],"meta":{}},{"ancestorTitles":["withQueueContext"],"fullName":"withQueueContext honours a custom cap","status":"passed","title":"honours a custom cap","duration":0.488399999999956,"failureMessages":[],"meta":{}},{"ancestorTitles":["withQueueContext"],"fullName":"withQueueContext returns multi-track requests untouched","status":"passed","title":"returns multi-track requests untouched","duration":0.2904999999999518,"failureMessages":[],"meta":{}},{"ancestorTitles":["withQueueContext"],"fullName":"withQueueContext returns the request untouched when the library has a single track","status":"passed","title":"returns the request untouched when the library has a single track","duration":0.26890000000003056,"failureMessages":[],"meta":{}},{"ancestorTitles":["withQueueContext"],"fullName":"withQueueContext keeps library order within each fill stage","status":"passed","title":"keeps library order within each fill stage","duration":0.38199999999994816,"failureMessages":[],"meta":{}}],"startTime":1789203438073,"endTime":1789203438081.382,"status":"passed","message":"","name":"C:/博830/vibecoding/nebula-player/src/renderer/src/lib/__tests__/queue.test.ts"},{"assertionResults":[{"ancestorTitles":["buildTasteProfile"],"fullName":"buildTasteProfile aggregates artist and genre plays","status":"passed","title":"aggregates artist and genre plays","duration":4.219299999999976,"failureMessages":[],"meta":{}},{"ancestorTitles":["buildTasteProfile"],"fullName":"buildTasteProfile handles an empty history","status":"passed","title":"handles an empty history","duration":0.9518999999999096,"failureMessages":[],"meta":{}},{"ancestorTitles":["recommendTracks"],"fullName":"recommendTracks prefers favourite genres/artists and explains why","status":"passed","title":"prefers favourite genres/artists and explains why","duration":16.53679999999997,"failureMessages":[],"meta":{}},{"ancestorTitles":["recommendTracks"],"fullName":"recommendTracks penalises the most recently played tracks","status":"passed","title":"penalises the most recently played tracks","duration":0.5298999999999978,"failureMessages":[],"meta":{}},{"ancestorTitles":["recommendTracks"],"fullName":"recommendTracks falls back to newest imports without any history","status":"passed","title":"falls back to newest imports without any history","duration":1.022100000000023,"failureMessages":[],"meta":{}},{"ancestorTitles":["recommendTracks"],"fullName":"recommendTracks skips missing files","status":"passed","title":"skips missing files","duration":0.57000000000005,"failureMessages":[],"meta":{}}],"startTime":1789203438074,"endTime":1789203438098.57,"status":"passed","message":"","name":"C:/博830/vibecoding/nebula-player/src/renderer/src/lib/__tests__/recommend.test.ts"},{"assertionResults":[{"ancestorTitles":["searchTracks"],"fullName":"searchTracks matches title substrings with relevance ranking","status":"passed","title":"matches title substrings with relevance ranking","duration":3.1282999999999674,"failureMessages":[],"meta":{}},{"ancestorTitles":["searchTracks"],"fullName":"searchTracks matches chinese titles","status":"passed","title":"matches chinese titles","duration":0.5065000000000737,"failureMessages":[],"meta":{}},{"ancestorTitles":["searchTracks"],"fullName":"searchTracks filters by artist and album exactly","status":"passed","title":"filters by artist and album exactly","duration":0.594600000000014,"failureMessages":[],"meta":{}},{"ancestorTitles":["searchTracks"],"fullName":"searchTracks matches genre keywords","status":"passed","title":"matches genre keywords","duration":15.913700000000063,"failureMessages":[],"meta":{}},{"ancestorTitles":["searchTracks"],"fullName":"searchTracks is case-insensitive","status":"passed","title":"is case-insensitive","duration":0.3184999999999718,"failureMessages":[],"meta":{}},{"ancestorTitles":["searchTracks"],"fullName":"searchTracks handles empty queries","status":"passed","title":"handles empty queries","duration":0.1736999999999398,"failureMessages":[],"meta":{}},{"ancestorTitles":["groupers"],"fullName":"groupers groups artists by count","status":"passed","title":"groups artists by count","duration":0.4147000000000389,"failureMessages":[],"meta":{}},{"ancestorTitles":["groupers"],"fullName":"groupers groups albums by artist+album key","status":"passed","title":"groups albums by artist+album key","duration":0.7038000000000011,"failureMessages":[],"meta":{}},{"ancestorTitles":["groupers"],"fullName":"groupers groups folders by scan root","status":"passed","title":"groups folders by scan root","duration":0.45699999999999363,"failureMessages":[],"meta":{}}],"startTime":1789203438074,"endTime":1789203438096.7039,"status":"passed","message":"","name":"C:/博830/vibecoding/nebula-player/src/renderer/src/lib/__tests__/search.test.ts"},{"assertionResults":[{"ancestorTitles":["sleep timer arming"],"fullName":"sleep timer arming exposes the three offered durations","status":"passed","title":"exposes the three offered durations","duration":2.5733000000000175,"failureMessages":[],"meta":{}},{"ancestorTitles":["sleep timer arming"],"fullName":"sleep timer arming arms a countdown deadline in the future","status":"passed","title":"arms a countdown deadline in the future","duration":0.758199999999988,"failureMessages":[],"meta":{}},{"ancestorTitles":["sleep timer arming"],"fullName":"sleep timer arming floors fractional minutes and clamps junk to a 0-minute countdown","status":"passed","title":"floors fractional minutes and clamps junk to a 0-minute countdown","duration":0.5247999999999138,"failureMessages":[],"meta":{}},{"ancestorTitles":["sleep timer arming"],"fullName":"sleep timer arming arms the two ended-driven modes without a deadline","status":"passed","title":"arms the two ended-driven modes without a deadline","duration":0.5629999999999882,"failureMessages":[],"meta":{}},{"ancestorTitles":["remaining time helpers"],"fullName":"remaining time helpers reports null for a missing timer or a non-countdown mode","status":"passed","title":"reports null for a missing timer or a non-countdown mode","duration":0.4660999999999831,"failureMessages":[],"meta":{}},{"ancestorTitles":["remaining time helpers"],"fullName":"remaining time helpers never goes below zero","status":"passed","title":"never goes below zero","duration":0.35609999999996944,"failureMessages":[],"meta":{}},{"ancestorTitles":["remaining time helpers"],"fullName":"remaining time helpers rounds seconds up so the badge starts at the full duration","status":"passed","title":"rounds seconds up so the badge starts at the full duration","duration":0.3654000000000224,"failureMessages":[],"meta":{}},{"ancestorTitles":["remaining time helpers"],"fullName":"remaining time helpers formats remaining seconds for the badge","status":"passed","title":"formats remaining seconds for the badge","duration":0.5507000000000062,"failureMessages":[],"meta":{}},{"ancestorTitles":["remaining time helpers"],"fullName":"remaining time helpers labels each mode and the off state","status":"passed","title":"labels each mode and the off state","duration":0.44869999999991705,"failureMessages":[],"meta":{}},{"ancestorTitles":["countdown ticking"],"fullName":"countdown ticking keeps counting until the deadline, then reports the expiry","status":"passed","title":"keeps counting until the deadline, then reports the expiry","duration":0.3854999999999791,"failureMessages":[],"meta":{}},{"ancestorTitles":["countdown ticking"],"fullName":"countdown ticking passes through timers without a countdown and the off state","status":"passed","title":"passes through timers without a countdown and the off state","duration":0.2783999999999196,"failureMessages":[],"meta":{}},{"ancestorTitles":["shouldStopOnEnded"],"fullName":"shouldStopOnEnded plays on normally when the timer is off","status":"passed","title":"plays on normally when the timer is off","duration":0.29849999999999,"failureMessages":[],"meta":{}},{"ancestorTitles":["shouldStopOnEnded"],"fullName":"shouldStopOnEnded countdown mode never stops on a track ending","status":"passed","title":"countdown mode never stops on a track ending","duration":0.30999999999994543,"failureMessages":[],"meta":{}},{"ancestorTitles":["shouldStopOnEnded"],"fullName":"shouldStopOnEnded track mode stops the very first natural end, including single-track repeat","status":"passed","title":"track mode stops the very first natural end, including single-track repeat","duration":0.17840000000001055,"failureMessages":[],"meta":{}},{"ancestorTitles":["shouldStopOnEnded"],"fullName":"shouldStopOnEnded queue mode advances through the middle of the queue","status":"passed","title":"queue mode advances through the middle of the queue","duration":0.18389999999999418,"failureMessages":[],"meta":{}},{"ancestorTitles":["shouldStopOnEnded"],"fullName":"shouldStopOnEnded queue mode stops at the last track — no wrap-around","status":"passed","title":"queue mode stops at the last track — no wrap-around","duration":0.10929999999996198,"failureMessages":[],"meta":{}},{"ancestorTitles":["shouldStopOnEnded"],"fullName":"shouldStopOnEnded queue mode stops on the single-track queue (no endless loop)","status":"passed","title":"queue mode stops on the single-track queue (no endless loop)","duration":0.1147000000000844,"failureMessages":[],"meta":{}},{"ancestorTitles":["shouldStopOnEnded"],"fullName":"shouldStopOnEnded an explicit user skip wins over ended-driven modes","status":"passed","title":"an explicit user skip wins over ended-driven modes","duration":0.2257000000000744,"failureMessages":[],"meta":{}},{"ancestorTitles":["sleepFiresOnEnded"],"fullName":"sleepFiresOnEnded ignores the off state and countdown mode","status":"passed","title":"ignores the off state and countdown mode","duration":0.1955999999998994,"failureMessages":[],"meta":{}},{"ancestorTitles":["sleepFiresOnEnded"],"fullName":"sleepFiresOnEnded fires for track mode at any index and for queue mode only at the end","status":"passed","title":"fires for track mode at any index and for queue mode only at the end","duration":0.15810000000010405,"failureMessages":[],"meta":{}}],"startTime":1789203438074,"endTime":1789203438084.2256,"status":"passed","message":"","name":"C:/博830/vibecoding/nebula-player/src/renderer/src/lib/__tests__/sleepTimer.test.ts"}]}