{"numTotalTestSuites":35,"numPassedTestSuites":35,"numFailedTestSuites":0,"numPendingTestSuites":0,"numTotalTests":111,"numPassedTests":111,"numFailedTests":0,"numPendingTests":0,"numTodoTests":0,"snapshot":{"added":0,"failure":false,"filesAdded":0,"filesRemoved":0,"filesRemovedList":[],"filesUnmatched":0,"filesUpdated":0,"matched":0,"total":0,"unchecked":0,"uncheckedKeysByFile":[],"unmatched":0,"updated":0,"didUpdate":false},"startTime":1789202449446,"success":true,"testResults":[{"assertionResults":[{"ancestorTitles":["parseLrc"],"fullName":"parseLrc parses standard [mm:ss.xx] timestamps","status":"passed","title":"parses standard [mm:ss.xx] timestamps","duration":3.2168000000000347,"failureMessages":[],"meta":{}},{"ancestorTitles":["parseLrc"],"fullName":"parseLrc accepts [mm:ss] without a fraction and the [mm:ss:xx] colon form","status":"passed","title":"accepts [mm:ss] without a fraction and the [mm:ss:xx] colon form","duration":0.6376999999999953,"failureMessages":[],"meta":{}},{"ancestorTitles":["parseLrc"],"fullName":"parseLrc treats .5 / .50 / .500 identically (fraction scaled by digit count)","status":"passed","title":"treats .5 / .50 / .500 identically (fraction scaled by digit count)","duration":0.5095000000000027,"failureMessages":[],"meta":{}},{"ancestorTitles":["parseLrc"],"fullName":"parseLrc expands one line carrying several timestamps into several entries","status":"passed","title":"expands one line carrying several timestamps into several entries","duration":0.4315000000000282,"failureMessages":[],"meta":{}},{"ancestorTitles":["parseLrc"],"fullName":"parseLrc ignores metadata tags such as [ti:] and [ar:]","status":"passed","title":"ignores metadata tags such as [ti:] and [ar:]","duration":0.36810000000002674,"failureMessages":[],"meta":{}},{"ancestorTitles":["parseLrc"],"fullName":"parseLrc sorts out-of-order timestamps ascending","status":"passed","title":"sorts out-of-order timestamps ascending","duration":0.6105000000000018,"failureMessages":[],"meta":{}},{"ancestorTitles":["parseLrc"],"fullName":"parseLrc returns nothing for empty text or lines without a timestamp","status":"passed","title":"returns nothing for empty text or lines without a timestamp","duration":0.4755999999999858,"failureMessages":[],"meta":{}},{"ancestorTitles":["parseLrc"],"fullName":"parseLrc keeps an empty text for a timestamp-only line and handles CRLF","status":"passed","title":"keeps an empty text for a timestamp-only line and handles CRLF","duration":0.3386000000000422,"failureMessages":[],"meta":{}},{"ancestorTitles":["parseLrc"],"fullName":"parseLrc supports 3-digit minutes (long tracks) and 1-digit seconds","status":"passed","title":"supports 3-digit minutes (long tracks) and 1-digit seconds","duration":0.31569999999999254,"failureMessages":[],"meta":{}}],"startTime":1789202450322,"endTime":1789202450329.3386,"status":"passed","message":"","name":"C:/博830/vibecoding/nebula-player/src/main/__tests__/lrc.test.ts"},{"assertionResults":[{"ancestorTitles":["needsConvert"],"fullName":"needsConvert returns null for natively playable containers","status":"passed","title":"returns null for natively playable containers","duration":2.7829000000000406,"failureMessages":[],"meta":{}},{"ancestorTitles":["needsConvert"],"fullName":"needsConvert routes ape to wav and aac to m4a","status":"passed","title":"routes ape to wav and aac to m4a","duration":0.7059000000000424,"failureMessages":[],"meta":{}},{"ancestorTitles":["needsConvert"],"fullName":"needsConvert returns null for unknown or missing extensions","status":"passed","title":"returns null for unknown or missing extensions","duration":0.41860000000008313,"failureMessages":[],"meta":{}},{"ancestorTitles":["needsConvert"],"fullName":"needsConvert is case-insensitive","status":"passed","title":"is case-insensitive","duration":0.3645000000000209,"failureMessages":[],"meta":{}},{"ancestorTitles":["needsConvert"],"fullName":"needsConvert uses only the final extension","status":"passed","title":"uses only the final extension","duration":0.3147999999999911,"failureMessages":[],"meta":{}},{"ancestorTitles":["needsConvert"],"fullName":"needsConvert exposes the underlying tables","status":"passed","title":"exposes the underlying tables","duration":0.4091999999999416,"failureMessages":[],"meta":{}}],"startTime":1789202450357,"endTime":1789202450361.4092,"status":"passed","message":"","name":"C:/博830/vibecoding/nebula-player/src/main/__tests__/mediaFormats.test.ts"},{"assertionResults":[{"ancestorTitles":["extOf"],"fullName":"extOf returns the lowercase extension without the dot","status":"passed","title":"returns the lowercase extension without the dot","duration":2.6295000000000073,"failureMessages":[],"meta":{}},{"ancestorTitles":["extOf"],"fullName":"extOf returns an empty string when there is no extension","status":"passed","title":"returns an empty string when there is no extension","duration":0.4998000000000502,"failureMessages":[],"meta":{}},{"ancestorTitles":["displayFolderName"],"fullName":"displayFolderName uses the last path segment","status":"passed","title":"uses the last path segment","duration":0.4692999999999756,"failureMessages":[],"meta":{}},{"ancestorTitles":["mapLimit"],"fullName":"mapLimit preserves input order even when tasks resolve out of order","status":"passed","title":"preserves input order even when tasks resolve out of order","duration":33.73709999999994,"failureMessages":[],"meta":{}},{"ancestorTitles":["mapLimit"],"fullName":"mapLimit never runs more than `limit` tasks at once","status":"passed","title":"never runs more than `limit` tasks at once","duration":48.020599999999945,"failureMessages":[],"meta":{}},{"ancestorTitles":["mapLimit"],"fullName":"mapLimit handles empty input and a limit larger than the item count","status":"passed","title":"handles empty input and a limit larger than the item count","duration":0.5534999999999854,"failureMessages":[],"meta":{}},{"ancestorTitles":["mapLimit"],"fullName":"mapLimit receives the index alongside each item","status":"passed","title":"receives the index alongside each item","duration":0.3933000000000675,"failureMessages":[],"meta":{}},{"ancestorTitles":["collectAudioFiles"],"fullName":"collectAudioFiles collects supported audio recursively and skips hidden/tool dirs","status":"passed","title":"collects supported audio recursively and skips hidden/tool dirs","duration":3.997700000000009,"failureMessages":[],"meta":{}},{"ancestorTitles":["collectAudioFiles"],"fullName":"collectAudioFiles does not descend into .hidden, node_modules or .git","status":"passed","title":"does not descend into .hidden, node_modules or .git","duration":2.3274000000000115,"failureMessages":[],"meta":{}},{"ancestorTitles":["collectAudioFiles"],"fullName":"collectAudioFiles imports a single supported file directly","status":"passed","title":"imports a single supported file directly","duration":2.0628000000000384,"failureMessages":[],"meta":{}},{"ancestorTitles":["collectAudioFiles"],"fullName":"collectAudioFiles returns nothing for an unsupported single file or a missing path","status":"passed","title":"returns nothing for an unsupported single file or a missing path","duration":2.130700000000047,"failureMessages":[],"meta":{}},{"ancestorTitles":["collectAudioFiles"],"fullName":"collectAudioFiles stops immediately when the signal is already cancelled","status":"passed","title":"stops immediately when the signal is already cancelled","duration":1.0148000000000366,"failureMessages":[],"meta":{}}],"startTime":1789202450436,"endTime":1789202450560.015,"status":"passed","message":"","name":"C:/博830/vibecoding/nebula-player/src/main/__tests__/scanner.test.ts"},{"assertionResults":[{"ancestorTitles":["destructive tool guard (tools.ts)"],"fullName":"destructive tool guard (tools.ts) knows which tools are destructive","status":"passed","title":"knows which tools are destructive","duration":3.9025000000001455,"failureMessages":[],"meta":{}},{"ancestorTitles":["destructive tool guard (tools.ts)"],"fullName":"destructive tool guard (tools.ts) summarises the pending operation for the confirmation bar","status":"passed","title":"summarises the pending operation for the confirmation bar","duration":1.168100000000095,"failureMessages":[],"meta":{}},{"ancestorTitles":["destructive tool guard (tools.ts)"],"fullName":"destructive tool guard (tools.ts) does NOT execute remove_from_playlist without user approval","status":"passed","title":"does NOT execute remove_from_playlist without user approval","duration":2.7987000000000535,"failureMessages":[],"meta":{}},{"ancestorTitles":["destructive tool guard (tools.ts)"],"fullName":"destructive tool guard (tools.ts) cannot be self-approved: a token only authorises its own run + call","status":"passed","title":"cannot be self-approved: a token only authorises its own run + call","duration":1.8492000000001099,"failureMessages":[],"meta":{}},{"ancestorTitles":["destructive tool guard (tools.ts)"],"fullName":"destructive tool guard (tools.ts) leaves non-destructive tools untouched (no confirmation, executed at once)","status":"passed","title":"leaves non-destructive tools untouched (no confirmation, executed at once)","duration":1.1419000000000779,"failureMessages":[],"meta":{}},{"ancestorTitles":["chat confirmation flow (chatStore.ts)"],"fullName":"chat confirmation flow (chatStore.ts) pauses the turn on a destructive call and continues as soon as the user confirms","status":"passed","title":"pauses the turn on a destructive call and continues as soon as the user confirms","duration":4.381399999999985,"failureMessages":[],"meta":{}},{"ancestorTitles":["chat confirmation flow (chatStore.ts)"],"fullName":"chat confirmation flow (chatStore.ts) tells the model the user cancelled and keeps the sequence intact (no duplicate tool message)","status":"passed","title":"tells the model the user cancelled and keeps the sequence intact (no duplicate tool message)","duration":1.9192999999997937,"failureMessages":[],"meta":{}},{"ancestorTitles":["chat confirmation flow (chatStore.ts)"],"fullName":"chat confirmation flow (chatStore.ts) runs non-destructive calls inline without any confirmation","status":"passed","title":"runs non-destructive calls inline without any confirmation","duration":1.5744999999999436,"failureMessages":[],"meta":{}},{"ancestorTitles":["chat confirmation flow (chatStore.ts)"],"fullName":"chat confirmation flow (chatStore.ts) blocks new messages while a confirmation is pending","status":"passed","title":"blocks new messages while a confirmation is pending","duration":0.873700000000099,"failureMessages":[],"meta":{}}],"startTime":1789202450650,"endTime":1789202450669.8738,"status":"passed","message":"","name":"C:/博830/vibecoding/nebula-player/src/renderer/src/lib/__tests__/chatConfirm.test.ts"},{"assertionResults":[{"ancestorTitles":["formatTime"],"fullName":"formatTime formats minutes and seconds","status":"passed","title":"formats minutes and seconds","duration":3.121099999999956,"failureMessages":[],"meta":{}},{"ancestorTitles":["formatTime"],"fullName":"formatTime formats hours","status":"passed","title":"formats hours","duration":0.4390999999999394,"failureMessages":[],"meta":{}},{"ancestorTitles":["formatTime"],"fullName":"formatTime handles invalid input","status":"passed","title":"handles invalid input","duration":0.34590000000002874,"failureMessages":[],"meta":{}},{"ancestorTitles":["formatDuration"],"fullName":"formatDuration summarizes durations","status":"passed","title":"summarizes durations","duration":0.5105000000000928,"failureMessages":[],"meta":{}}],"startTime":1789202450500,"endTime":1789202450504.5105,"status":"passed","message":"","name":"C:/博830/vibecoding/nebula-player/src/renderer/src/lib/__tests__/format.test.ts"},{"assertionResults":[{"ancestorTitles":["lyricsOffset — stepping"],"fullName":"lyricsOffset — stepping adjusts by the ±0.5s step","status":"passed","title":"adjusts by the ±0.5s step","duration":3.2513999999999896,"failureMessages":[],"meta":{}},{"ancestorTitles":["lyricsOffset — stepping"],"fullName":"lyricsOffset — stepping clamps to ±30s in both directions","status":"passed","title":"clamps to ±30s in both directions","duration":0.6811000000000149,"failureMessages":[],"meta":{}},{"ancestorTitles":["lyricsOffset — stepping"],"fullName":"lyricsOffset — stepping rounds to 0.1s precision","status":"passed","title":"rounds to 0.1s precision","duration":0.4714000000000169,"failureMessages":[],"meta":{}},{"ancestorTitles":["lyricsOffset — stepping"],"fullName":"lyricsOffset — stepping treats non-finite input as zero rather than NaN","status":"passed","title":"treats non-finite input as zero rather than NaN","duration":0.44919999999990523,"failureMessages":[],"meta":{}},{"ancestorTitles":["lyricsOffset — storage"],"fullName":"lyricsOffset — storage stores per track and keeps trackIds isolated","status":"passed","title":"stores per track and keeps trackIds isolated","duration":0.4944000000000415,"failureMessages":[],"meta":{}},{"ancestorTitles":["lyricsOffset — storage"],"fullName":"lyricsOffset — storage removes the entry (and the key) when the offset becomes 0","status":"passed","title":"removes the entry (and the key) when the offset becomes 0","duration":0.4656000000001086,"failureMessages":[],"meta":{}},{"ancestorTitles":["lyricsOffset — storage"],"fullName":"lyricsOffset — storage clearOffset forgets a single track only","status":"passed","title":"clearOffset forgets a single track only","duration":0.46050000000002456,"failureMessages":[],"meta":{}},{"ancestorTitles":["lyricsOffset — storage"],"fullName":"lyricsOffset — storage ignores a null/undefined/empty trackId without writing","status":"passed","title":"ignores a null/undefined/empty trackId without writing","duration":0.5004000000000133,"failureMessages":[],"meta":{}},{"ancestorTitles":["lyricsOffset — storage"],"fullName":"lyricsOffset — storage survives corrupt JSON and drops non-numeric entries","status":"passed","title":"survives corrupt JSON and drops non-numeric entries","duration":2.100500000000011,"failureMessages":[],"meta":{}},{"ancestorTitles":["lyricsOffset — storage"],"fullName":"lyricsOffset — storage does not throw when localStorage is unavailable or missing","status":"passed","title":"does not throw when localStorage is unavailable or missing","duration":1.4516999999999598,"failureMessages":[],"meta":{}},{"ancestorTitles":["lyricsOffset — display + external store"],"fullName":"lyricsOffset — display + external store formatOffset renders signed tenths and clamps first","status":"passed","title":"formatOffset renders signed tenths and clamps first","duration":0.5262000000000171,"failureMessages":[],"meta":{}},{"ancestorTitles":["lyricsOffset — display + external store"],"fullName":"lyricsOffset — display + external store hasOffset is false for zero and for values that round to zero","status":"passed","title":"hasOffset is false for zero and for values that round to zero","duration":0.4119999999999209,"failureMessages":[],"meta":{}},{"ancestorTitles":["lyricsOffset — display + external store"],"fullName":"lyricsOffset — display + external store notifies subscribers on write and stops after unsubscribing","status":"passed","title":"notifies subscribers on write and stops after unsubscribing","duration":0.5644000000000915,"failureMessages":[],"meta":{}},{"ancestorTitles":["lyricsOffset — display + external store"],"fullName":"lyricsOffset — display + external store getOffsetSnapshot returns a live getter for useSyncExternalStore","status":"passed","title":"getOffsetSnapshot returns a live getter for useSyncExternalStore","duration":0.36029999999993834,"failureMessages":[],"meta":{}}],"startTime":1789202450360,"endTime":1789202450373.5645,"status":"passed","message":"","name":"C:/博830/vibecoding/nebula-player/src/renderer/src/lib/__tests__/lyricsOffset.test.ts"},{"assertionResults":[{"ancestorTitles":["playerStore sleep timer"],"fullName":"playerStore sleep timer arms a countdown, ticks the badge and pauses when it runs out","status":"passed","title":"arms a countdown, ticks the badge and pauses when it runs out","duration":31.392599999999902,"failureMessages":[],"meta":{}},{"ancestorTitles":["playerStore sleep timer"],"fullName":"playerStore sleep timer cancel clears the timer and stops the clock","status":"passed","title":"cancel clears the timer and stops the clock","duration":2.494699999999966,"failureMessages":[],"meta":{}},{"ancestorTitles":["playerStore sleep timer"],"fullName":"playerStore sleep timer arms both ended-driven modes without a deadline","status":"passed","title":"arms both ended-driven modes without a deadline","duration":3.257000000000062,"failureMessages":[],"meta":{}},{"ancestorTitles":["playerStore sleep timer"],"fullName":"playerStore sleep timer a manual skip drops an ended-driven timer but keeps a countdown","status":"passed","title":"a manual skip drops an ended-driven timer but keeps a countdown","duration":2.2958000000000993,"failureMessages":[],"meta":{}},{"ancestorTitles":["playerStore sleep timer"],"fullName":"playerStore sleep timer pauses on the natural end of the current track (no repeat, no advance)","status":"passed","title":"pauses on the natural end of the current track (no repeat, no advance)","duration":1.6148000000000593,"failureMessages":[],"meta":{}},{"ancestorTitles":["playerStore sleep timer"],"fullName":"playerStore sleep timer keeps playing through the queue and only stops once the queue ends","status":"passed","title":"keeps playing through the queue and only stops once the queue ends","duration":2.4230999999999767,"failureMessages":[],"meta":{}},{"ancestorTitles":["playerStore sleep timer"],"fullName":"playerStore sleep timer stops a single-track queue instead of looping forever","status":"passed","title":"stops a single-track queue instead of looping forever","duration":1.2875000000001364,"failureMessages":[],"meta":{}},{"ancestorTitles":["playerStore sleep timer"],"fullName":"playerStore sleep timer never persists the timer — a restart starts with sleep off","status":"passed","title":"never persists the timer — a restart starts with sleep off","duration":3.3726999999998952,"failureMessages":[],"meta":{}},{"ancestorTitles":["playerStore sleep timer"],"fullName":"playerStore sleep timer wraps back to index 0 when the last track ends with no timer armed","status":"passed","title":"wraps back to index 0 when the last track ends with no timer armed","duration":1.4731999999999061,"failureMessages":[],"meta":{}},{"ancestorTitles":["playerStore sleep timer"],"fullName":"playerStore sleep timer wraps back to index 0 on a manual next from the last track","status":"passed","title":"wraps back to index 0 on a manual next from the last track","duration":2.2717999999999847,"failureMessages":[],"meta":{}},{"ancestorTitles":["playerStore sleep timer"],"fullName":"playerStore sleep timer still wraps in 'one' mode when the user explicitly skips","status":"passed","title":"still wraps in 'one' mode when the user explicitly skips","duration":1.5772999999999229,"failureMessages":[],"meta":{}},{"ancestorTitles":["playerStore sleep timer"],"fullName":"playerStore sleep timer an armed queue timer fires when the only track repeats in 'one' mode","status":"passed","title":"an armed queue timer fires when the only track repeats in 'one' mode","duration":1.5269000000000688,"failureMessages":[],"meta":{}},{"ancestorTitles":["playerStore sleep timer"],"fullName":"playerStore sleep timer a manual skip only drops the track timer, keeping an armed queue timer","status":"passed","title":"a manual skip only drops the track timer, keeping an armed queue timer","duration":1.7592999999999392,"failureMessages":[],"meta":{}}],"startTime":1789202450595,"endTime":1789202450652.7593,"status":"passed","message":"","name":"C:/博830/vibecoding/nebula-player/src/renderer/src/lib/__tests__/playerStoreSleep.test.ts"},{"assertionResults":[{"ancestorTitles":["withQueueContext"],"fullName":"withQueueContext expands a single request to the same album first","status":"passed","title":"expands a single request to the same album first","duration":3.5393000000000256,"failureMessages":[],"meta":{}},{"ancestorTitles":["withQueueContext"],"fullName":"withQueueContext falls back to the same artist when the album is too small","status":"passed","title":"falls back to the same artist when the album is too small","duration":0.5879999999999654,"failureMessages":[],"meta":{}},{"ancestorTitles":["withQueueContext"],"fullName":"withQueueContext fills from the whole library when the artist has too few tracks","status":"passed","title":"fills from the whole library when the artist has too few tracks","duration":1.8112999999999602,"failureMessages":[],"meta":{}},{"ancestorTitles":["withQueueContext"],"fullName":"withQueueContext never duplicates the requested track and drops missing ids","status":"passed","title":"never duplicates the requested track and drops missing ids","duration":0.4700000000000273,"failureMessages":[],"meta":{}},{"ancestorTitles":["withQueueContext"],"fullName":"withQueueContext respects the 50-track cap","status":"passed","title":"respects the 50-track cap","duration":0.8435000000000628,"failureMessages":[],"meta":{}},{"ancestorTitles":["withQueueContext"],"fullName":"withQueueContext honours a custom cap","status":"passed","title":"honours a custom cap","duration":0.6000999999999976,"failureMessages":[],"meta":{}},{"ancestorTitles":["withQueueContext"],"fullName":"withQueueContext returns multi-track requests untouched","status":"passed","title":"returns multi-track requests untouched","duration":0.2901000000000522,"failureMessages":[],"meta":{}},{"ancestorTitles":["withQueueContext"],"fullName":"withQueueContext returns the request untouched when the library has a single track","status":"passed","title":"returns the request untouched when the library has a single track","duration":0.3574999999999591,"failureMessages":[],"meta":{}},{"ancestorTitles":["withQueueContext"],"fullName":"withQueueContext keeps library order within each fill stage","status":"passed","title":"keeps library order within each fill stage","duration":0.4150999999999385,"failureMessages":[],"meta":{}}],"startTime":1789202450310,"endTime":1789202450318.415,"status":"passed","message":"","name":"C:/博830/vibecoding/nebula-player/src/renderer/src/lib/__tests__/queue.test.ts"},{"assertionResults":[{"ancestorTitles":["buildTasteProfile"],"fullName":"buildTasteProfile aggregates artist and genre plays","status":"passed","title":"aggregates artist and genre plays","duration":4.9687000000000126,"failureMessages":[],"meta":{}},{"ancestorTitles":["buildTasteProfile"],"fullName":"buildTasteProfile handles an empty history","status":"passed","title":"handles an empty history","duration":1.0126999999999953,"failureMessages":[],"meta":{}},{"ancestorTitles":["recommendTracks"],"fullName":"recommendTracks prefers favourite genres/artists and explains why","status":"passed","title":"prefers favourite genres/artists and explains why","duration":19.976699999999937,"failureMessages":[],"meta":{}},{"ancestorTitles":["recommendTracks"],"fullName":"recommendTracks penalises the most recently played tracks","status":"passed","title":"penalises the most recently played tracks","duration":0.7092999999999847,"failureMessages":[],"meta":{}},{"ancestorTitles":["recommendTracks"],"fullName":"recommendTracks falls back to newest imports without any history","status":"passed","title":"falls back to newest imports without any history","duration":1.0640999999999394,"failureMessages":[],"meta":{}},{"ancestorTitles":["recommendTracks"],"fullName":"recommendTracks skips missing files","status":"passed","title":"skips missing files","duration":0.5240000000000009,"failureMessages":[],"meta":{}}],"startTime":1789202450357,"endTime":1789202450385.524,"status":"passed","message":"","name":"C:/博830/vibecoding/nebula-player/src/renderer/src/lib/__tests__/recommend.test.ts"},{"assertionResults":[{"ancestorTitles":["searchTracks"],"fullName":"searchTracks matches title substrings with relevance ranking","status":"passed","title":"matches title substrings with relevance ranking","duration":3.4571999999999434,"failureMessages":[],"meta":{}},{"ancestorTitles":["searchTracks"],"fullName":"searchTracks matches chinese titles","status":"passed","title":"matches chinese titles","duration":0.5876999999999271,"failureMessages":[],"meta":{}},{"ancestorTitles":["searchTracks"],"fullName":"searchTracks filters by artist and album exactly","status":"passed","title":"filters by artist and album exactly","duration":0.7145000000000437,"failureMessages":[],"meta":{}},{"ancestorTitles":["searchTracks"],"fullName":"searchTracks matches genre keywords","status":"passed","title":"matches genre keywords","duration":19.442099999999982,"failureMessages":[],"meta":{}},{"ancestorTitles":["searchTracks"],"fullName":"searchTracks is case-insensitive","status":"passed","title":"is case-insensitive","duration":0.44839999999999236,"failureMessages":[],"meta":{}},{"ancestorTitles":["searchTracks"],"fullName":"searchTracks handles empty queries","status":"passed","title":"handles empty queries","duration":0.3391000000000304,"failureMessages":[],"meta":{}},{"ancestorTitles":["groupers"],"fullName":"groupers groups artists by count","status":"passed","title":"groups artists by count","duration":1.1100000000000136,"failureMessages":[],"meta":{}},{"ancestorTitles":["groupers"],"fullName":"groupers groups albums by artist+album key","status":"passed","title":"groups albums by artist+album key","duration":1.2338999999999487,"failureMessages":[],"meta":{}},{"ancestorTitles":["groupers"],"fullName":"groupers groups folders by scan root","status":"passed","title":"groups folders by scan root","duration":0.5276000000000067,"failureMessages":[],"meta":{}}],"startTime":1789202450357,"endTime":1789202450385.5276,"status":"passed","message":"","name":"C:/博830/vibecoding/nebula-player/src/renderer/src/lib/__tests__/search.test.ts"},{"assertionResults":[{"ancestorTitles":["sleep timer arming"],"fullName":"sleep timer arming exposes the three offered durations","status":"passed","title":"exposes the three offered durations","duration":2.9855999999999767,"failureMessages":[],"meta":{}},{"ancestorTitles":["sleep timer arming"],"fullName":"sleep timer arming arms a countdown deadline in the future","status":"passed","title":"arms a countdown deadline in the future","duration":0.9055999999999358,"failureMessages":[],"meta":{}},{"ancestorTitles":["sleep timer arming"],"fullName":"sleep timer arming floors fractional minutes and clamps junk to a 0-minute countdown","status":"passed","title":"floors fractional minutes and clamps junk to a 0-minute countdown","duration":0.6091000000000122,"failureMessages":[],"meta":{}},{"ancestorTitles":["sleep timer arming"],"fullName":"sleep timer arming arms the two ended-driven modes without a deadline","status":"passed","title":"arms the two ended-driven modes without a deadline","duration":0.6445999999999685,"failureMessages":[],"meta":{}},{"ancestorTitles":["remaining time helpers"],"fullName":"remaining time helpers reports null for a missing timer or a non-countdown mode","status":"passed","title":"reports null for a missing timer or a non-countdown mode","duration":0.4755000000000109,"failureMessages":[],"meta":{}},{"ancestorTitles":["remaining time helpers"],"fullName":"remaining time helpers never goes below zero","status":"passed","title":"never goes below zero","duration":0.4130000000000109,"failureMessages":[],"meta":{}},{"ancestorTitles":["remaining time helpers"],"fullName":"remaining time helpers rounds seconds up so the badge starts at the full duration","status":"passed","title":"rounds seconds up so the badge starts at the full duration","duration":0.40639999999996235,"failureMessages":[],"meta":{}},{"ancestorTitles":["remaining time helpers"],"fullName":"remaining time helpers formats remaining seconds for the badge","status":"passed","title":"formats remaining seconds for the badge","duration":0.601099999999974,"failureMessages":[],"meta":{}},{"ancestorTitles":["remaining time helpers"],"fullName":"remaining time helpers labels each mode and the off state","status":"passed","title":"labels each mode and the off state","duration":0.4956999999999425,"failureMessages":[],"meta":{}},{"ancestorTitles":["countdown ticking"],"fullName":"countdown ticking keeps counting until the deadline, then reports the expiry","status":"passed","title":"keeps counting until the deadline, then reports the expiry","duration":0.4479999999999791,"failureMessages":[],"meta":{}},{"ancestorTitles":["countdown ticking"],"fullName":"countdown ticking passes through timers without a countdown and the off state","status":"passed","title":"passes through timers without a countdown and the off state","duration":0.2941999999999325,"failureMessages":[],"meta":{}},{"ancestorTitles":["shouldStopOnEnded"],"fullName":"shouldStopOnEnded plays on normally when the timer is off","status":"passed","title":"plays on normally when the timer is off","duration":0.3566000000000713,"failureMessages":[],"meta":{}},{"ancestorTitles":["shouldStopOnEnded"],"fullName":"shouldStopOnEnded countdown mode never stops on a track ending","status":"passed","title":"countdown mode never stops on a track ending","duration":0.2924000000000433,"failureMessages":[],"meta":{}},{"ancestorTitles":["shouldStopOnEnded"],"fullName":"shouldStopOnEnded track mode stops the very first natural end, including single-track repeat","status":"passed","title":"track mode stops the very first natural end, including single-track repeat","duration":0.27690000000006876,"failureMessages":[],"meta":{}},{"ancestorTitles":["shouldStopOnEnded"],"fullName":"shouldStopOnEnded queue mode advances through the middle of the queue","status":"passed","title":"queue mode advances through the middle of the queue","duration":0.3505999999999858,"failureMessages":[],"meta":{}},{"ancestorTitles":["shouldStopOnEnded"],"fullName":"shouldStopOnEnded queue mode stops at the last track — no wrap-around","status":"passed","title":"queue mode stops at the last track — no wrap-around","duration":0.22229999999990468,"failureMessages":[],"meta":{}},{"ancestorTitles":["shouldStopOnEnded"],"fullName":"shouldStopOnEnded queue mode stops on the single-track queue (no endless loop)","status":"passed","title":"queue mode stops on the single-track queue (no endless loop)","duration":0.2380999999999176,"failureMessages":[],"meta":{}},{"ancestorTitles":["shouldStopOnEnded"],"fullName":"shouldStopOnEnded an explicit user skip wins over ended-driven modes","status":"passed","title":"an explicit user skip wins over ended-driven modes","duration":0.3103999999999587,"failureMessages":[],"meta":{}},{"ancestorTitles":["sleepFiresOnEnded"],"fullName":"sleepFiresOnEnded ignores the off state and countdown mode","status":"passed","title":"ignores the off state and countdown mode","duration":0.2763999999999669,"failureMessages":[],"meta":{}},{"ancestorTitles":["sleepFiresOnEnded"],"fullName":"sleepFiresOnEnded fires for track mode at any index and for queue mode only at the end","status":"passed","title":"fires for track mode at any index and for queue mode only at the end","duration":0.31900000000007367,"failureMessages":[],"meta":{}}],"startTime":1789202450356,"endTime":1789202450368.319,"status":"passed","message":"","name":"C:/博830/vibecoding/nebula-player/src/renderer/src/lib/__tests__/sleepTimer.test.ts"}]}