{"numTotalTestSuites":43,"numPassedTestSuites":43,"numFailedTestSuites":0,"numPendingTestSuites":0,"numTotalTests":141,"numPassedTests":141,"numFailedTests":0,"numPendingTests":0,"numTodoTests":0,"snapshot":{"added":0,"failure":false,"filesAdded":0,"filesRemoved":0,"filesRemovedList":[],"filesUnmatched":0,"filesUpdated":0,"matched":0,"total":0,"unchecked":0,"uncheckedKeysByFile":[],"unmatched":0,"updated":0,"didUpdate":false},"startTime":1789218114144,"success":true,"testResults":[{"assertionResults":[{"ancestorTitles":["fallback tool-call ids (R2)"],"fullName":"fallback tool-call ids (R2) gives two id-less calls of the same tool distinct ids within one response","status":"passed","title":"gives two id-less calls of the same tool distinct ids within one response","duration":8.086999999999989,"failureMessages":[],"meta":{}},{"ancestorTitles":["fallback tool-call ids (R2)"],"fullName":"fallback tool-call ids (R2) never repeats a fallback id across successive rounds","status":"passed","title":"never repeats a fallback id across successive rounds","duration":1.262399999999957,"failureMessages":[],"meta":{}},{"ancestorTitles":["fallback tool-call ids (R2)"],"fullName":"fallback tool-call ids (R2) de-duplicates ids that the provider itself repeats verbatim","status":"passed","title":"de-duplicates ids that the provider itself repeats verbatim","duration":0.9633999999999787,"failureMessages":[],"meta":{}},{"ancestorTitles":["fallback tool-call ids (R2)"],"fullName":"fallback tool-call ids (R2) keeps provider-supplied unique ids untouched","status":"passed","title":"keeps provider-supplied unique ids untouched","duration":1.032699999999977,"failureMessages":[],"meta":{}}],"startTime":1789218114864,"endTime":1789218114875.0327,"status":"passed","message":"","name":"C:/博830/vibecoding/nebula-player/src/main/__tests__/llmClientToolIds.test.ts"},{"assertionResults":[{"ancestorTitles":["parseLrc"],"fullName":"parseLrc parses standard [mm:ss.xx] timestamps","status":"passed","title":"parses standard [mm:ss.xx] timestamps","duration":2.758000000000038,"failureMessages":[],"meta":{}},{"ancestorTitles":["parseLrc"],"fullName":"parseLrc accepts [mm:ss] without a fraction and the [mm:ss:xx] colon form","status":"passed","title":"accepts [mm:ss] without a fraction and the [mm:ss:xx] colon form","duration":0.40829999999994016,"failureMessages":[],"meta":{}},{"ancestorTitles":["parseLrc"],"fullName":"parseLrc treats .5 / .50 / .500 identically (fraction scaled by digit count)","status":"passed","title":"treats .5 / .50 / .500 identically (fraction scaled by digit count)","duration":0.45639999999991687,"failureMessages":[],"meta":{}},{"ancestorTitles":["parseLrc"],"fullName":"parseLrc expands one line carrying several timestamps into several entries","status":"passed","title":"expands one line carrying several timestamps into several entries","duration":0.31730000000004566,"failureMessages":[],"meta":{}},{"ancestorTitles":["parseLrc"],"fullName":"parseLrc ignores metadata tags such as [ti:] and [ar:]","status":"passed","title":"ignores metadata tags such as [ti:] and [ar:]","duration":0.26520000000004984,"failureMessages":[],"meta":{}},{"ancestorTitles":["parseLrc"],"fullName":"parseLrc sorts out-of-order timestamps ascending","status":"passed","title":"sorts out-of-order timestamps ascending","duration":0.3824000000000751,"failureMessages":[],"meta":{}},{"ancestorTitles":["parseLrc"],"fullName":"parseLrc returns nothing for empty text or lines without a timestamp","status":"passed","title":"returns nothing for empty text or lines without a timestamp","duration":0.33969999999999345,"failureMessages":[],"meta":{}},{"ancestorTitles":["parseLrc"],"fullName":"parseLrc keeps an empty text for a timestamp-only line and handles CRLF","status":"passed","title":"keeps an empty text for a timestamp-only line and handles CRLF","duration":0.28929999999991196,"failureMessages":[],"meta":{}},{"ancestorTitles":["parseLrc"],"fullName":"parseLrc supports 3-digit minutes (long tracks) and 1-digit seconds","status":"passed","title":"supports 3-digit minutes (long tracks) and 1-digit seconds","duration":0.22230000000001837,"failureMessages":[],"meta":{}}],"startTime":1789218114979,"endTime":1789218114984.2893,"status":"passed","message":"","name":"C:/博830/vibecoding/nebula-player/src/main/__tests__/lrc.test.ts"},{"assertionResults":[{"ancestorTitles":["needsConvert"],"fullName":"needsConvert returns null for natively playable containers","status":"passed","title":"returns null for natively playable containers","duration":1.133199999999988,"failureMessages":[],"meta":{}},{"ancestorTitles":["needsConvert"],"fullName":"needsConvert routes ape to wav and aac to m4a","status":"passed","title":"routes ape to wav and aac to m4a","duration":0.2755000000000791,"failureMessages":[],"meta":{}},{"ancestorTitles":["needsConvert"],"fullName":"needsConvert returns null for unknown or missing extensions","status":"passed","title":"returns null for unknown or missing extensions","duration":0.17319999999995161,"failureMessages":[],"meta":{}},{"ancestorTitles":["needsConvert"],"fullName":"needsConvert is case-insensitive","status":"passed","title":"is case-insensitive","duration":0.14840000000003783,"failureMessages":[],"meta":{}},{"ancestorTitles":["needsConvert"],"fullName":"needsConvert uses only the final extension","status":"passed","title":"uses only the final extension","duration":0.12570000000005166,"failureMessages":[],"meta":{}},{"ancestorTitles":["needsConvert"],"fullName":"needsConvert exposes the underlying tables","status":"passed","title":"exposes the underlying tables","duration":0.17619999999999436,"failureMessages":[],"meta":{}}],"startTime":1789218114886,"endTime":1789218114888.1763,"status":"passed","message":"","name":"C:/博830/vibecoding/nebula-player/src/main/__tests__/mediaFormats.test.ts"},{"assertionResults":[{"ancestorTitles":["createMediaRoots — cold-start concurrency (regression 1)"],"fullName":"createMediaRoots — cold-start concurrency (regression 1) resolves EVERY concurrent first call to the fully populated set","status":"passed","title":"resolves EVERY concurrent first call to the fully populated set","duration":3.880600000000072,"failureMessages":[],"meta":{}},{"ancestorTitles":["createMediaRoots — cold-start concurrency (regression 1)"],"fullName":"createMediaRoots — cold-start concurrency (regression 1) reads the library only once across concurrent and later callers","status":"passed","title":"reads the library only once across concurrent and later callers","duration":0.39210000000002765,"failureMessages":[],"meta":{}},{"ancestorTitles":["createMediaRoots — cold-start concurrency (regression 1)"],"fullName":"createMediaRoots — cold-start concurrency (regression 1) falls back to the static roots when the library cannot be read","status":"passed","title":"falls back to the static roots when the library cannot be read","duration":1.070799999999963,"failureMessages":[],"meta":{}},{"ancestorTitles":["createMediaRoots — cold-start concurrency (regression 1)"],"fullName":"createMediaRoots — cold-start concurrency (regression 1) evaluates staticRoots lazily, at populate time","status":"passed","title":"evaluates staticRoots lazily, at populate time","duration":0.3887999999999465,"failureMessages":[],"meta":{}},{"ancestorTitles":["createMediaRoots — refresh (regression 2)"],"fullName":"createMediaRoots — refresh (regression 2) applies a folder that only appeared after the first population","status":"passed","title":"applies a folder that only appeared after the first population","duration":0.8546999999999798,"failureMessages":[],"meta":{}},{"ancestorTitles":["createMediaRoots — refresh (regression 2)"],"fullName":"createMediaRoots — refresh (regression 2) can be replaced again and drops directories that are gone","status":"passed","title":"can be replaced again and drops directories that are gone","duration":0.5167999999999893,"failureMessages":[],"meta":{}},{"ancestorTitles":["createMediaRoots — refresh (regression 2)"],"fullName":"createMediaRoots — refresh (regression 2) set() replaces the set and is visible to later get() calls","status":"passed","title":"set() replaces the set and is visible to later get() calls","duration":0.4230000000000018,"failureMessages":[],"meta":{}},{"ancestorTitles":["createMediaRoots — refresh (regression 2)"],"fullName":"createMediaRoots — refresh (regression 2) a set() during an in-flight populate wins over that populate","status":"passed","title":"a set() during an in-flight populate wins over that populate","duration":0.3850999999999658,"failureMessages":[],"meta":{}},{"ancestorTitles":["createMediaRoots — refresh (regression 2)"],"fullName":"createMediaRoots — refresh (regression 2) refresh() records the library even when nothing was served yet","status":"passed","title":"refresh() records the library even when nothing was served yet","duration":0.36410000000000764,"failureMessages":[],"meta":{}}],"startTime":1789218114975,"endTime":1789218114984.385,"status":"passed","message":"","name":"C:/博830/vibecoding/nebula-player/src/main/__tests__/mediaRoots.test.ts"},{"assertionResults":[{"ancestorTitles":["extOf"],"fullName":"extOf returns the lowercase extension without the dot","status":"passed","title":"returns the lowercase extension without the dot","duration":1.9163999999999533,"failureMessages":[],"meta":{}},{"ancestorTitles":["extOf"],"fullName":"extOf returns an empty string when there is no extension","status":"passed","title":"returns an empty string when there is no extension","duration":0.36379999999996926,"failureMessages":[],"meta":{}},{"ancestorTitles":["displayFolderName"],"fullName":"displayFolderName uses the last path segment","status":"passed","title":"uses the last path segment","duration":0.2720999999999094,"failureMessages":[],"meta":{}},{"ancestorTitles":["mapLimit"],"fullName":"mapLimit preserves input order even when tasks resolve out of order","status":"passed","title":"preserves input order even when tasks resolve out of order","duration":42.77890000000002,"failureMessages":[],"meta":{}},{"ancestorTitles":["mapLimit"],"fullName":"mapLimit never runs more than `limit` tasks at once","status":"passed","title":"never runs more than `limit` tasks at once","duration":61.61159999999995,"failureMessages":[],"meta":{}},{"ancestorTitles":["mapLimit"],"fullName":"mapLimit handles empty input and a limit larger than the item count","status":"passed","title":"handles empty input and a limit larger than the item count","duration":0.4581999999999198,"failureMessages":[],"meta":{}},{"ancestorTitles":["mapLimit"],"fullName":"mapLimit receives the index alongside each item","status":"passed","title":"receives the index alongside each item","duration":0.3168000000000575,"failureMessages":[],"meta":{}},{"ancestorTitles":["collectAudioFiles"],"fullName":"collectAudioFiles collects supported audio recursively and skips hidden/tool dirs","status":"passed","title":"collects supported audio recursively and skips hidden/tool dirs","duration":2.216299999999933,"failureMessages":[],"meta":{}},{"ancestorTitles":["collectAudioFiles"],"fullName":"collectAudioFiles does not descend into .hidden, node_modules or .git","status":"passed","title":"does not descend into .hidden, node_modules or .git","duration":3.21550000000002,"failureMessages":[],"meta":{}},{"ancestorTitles":["collectAudioFiles"],"fullName":"collectAudioFiles imports a single supported file directly","status":"passed","title":"imports a single supported file directly","duration":1.7133999999999787,"failureMessages":[],"meta":{}},{"ancestorTitles":["collectAudioFiles"],"fullName":"collectAudioFiles returns nothing for an unsupported single file or a missing path","status":"passed","title":"returns nothing for an unsupported single file or a missing path","duration":1.8116999999999734,"failureMessages":[],"meta":{}},{"ancestorTitles":["collectAudioFiles"],"fullName":"collectAudioFiles stops immediately when the signal is already cancelled","status":"passed","title":"stops immediately when the signal is already cancelled","duration":0.4740000000000464,"failureMessages":[],"meta":{}}],"startTime":1789218114894,"endTime":1789218115030.8118,"status":"passed","message":"","name":"C:/博830/vibecoding/nebula-player/src/main/__tests__/scanner.test.ts"},{"assertionResults":[{"ancestorTitles":["destructive tool guard (tools.ts)"],"fullName":"destructive tool guard (tools.ts) knows which tools are destructive","status":"passed","title":"knows which tools are destructive","duration":4.473099999999931,"failureMessages":[],"meta":{}},{"ancestorTitles":["destructive tool guard (tools.ts)"],"fullName":"destructive tool guard (tools.ts) summarises the pending operation for the confirmation bar","status":"passed","title":"summarises the pending operation for the confirmation bar","duration":0.8346000000000231,"failureMessages":[],"meta":{}},{"ancestorTitles":["destructive tool guard (tools.ts)"],"fullName":"destructive tool guard (tools.ts) does NOT execute remove_from_playlist without user approval","status":"passed","title":"does NOT execute remove_from_playlist without user approval","duration":2.310200000000009,"failureMessages":[],"meta":{}},{"ancestorTitles":["destructive tool guard (tools.ts)"],"fullName":"destructive tool guard (tools.ts) cannot be self-approved: a token only authorises its own run + call","status":"passed","title":"cannot be self-approved: a token only authorises its own run + call","duration":1.8747000000000753,"failureMessages":[],"meta":{}},{"ancestorTitles":["destructive tool guard (tools.ts)"],"fullName":"destructive tool guard (tools.ts) leaves non-destructive tools untouched (no confirmation, executed at once)","status":"passed","title":"leaves non-destructive tools untouched (no confirmation, executed at once)","duration":1.1154999999999973,"failureMessages":[],"meta":{}},{"ancestorTitles":["chat confirmation flow (chatStore.ts)"],"fullName":"chat confirmation flow (chatStore.ts) pauses the turn on a destructive call and continues as soon as the user confirms","status":"passed","title":"pauses the turn on a destructive call and continues as soon as the user confirms","duration":3.994000000000028,"failureMessages":[],"meta":{}},{"ancestorTitles":["chat confirmation flow (chatStore.ts)"],"fullName":"chat confirmation flow (chatStore.ts) tells the model the user cancelled and keeps the sequence intact (no duplicate tool message)","status":"passed","title":"tells the model the user cancelled and keeps the sequence intact (no duplicate tool message)","duration":1.5857999999999493,"failureMessages":[],"meta":{}},{"ancestorTitles":["chat confirmation flow (chatStore.ts)"],"fullName":"chat confirmation flow (chatStore.ts) runs non-destructive calls inline without any confirmation","status":"passed","title":"runs non-destructive calls inline without any confirmation","duration":1.432299999999941,"failureMessages":[],"meta":{}},{"ancestorTitles":["chat confirmation flow (chatStore.ts)"],"fullName":"chat confirmation flow (chatStore.ts) blocks new messages while a confirmation is pending","status":"passed","title":"blocks new messages while a confirmation is pending","duration":0.7143999999999551,"failureMessages":[],"meta":{}},{"ancestorTitles":["chat confirmation flow (chatStore.ts)"],"fullName":"chat confirmation flow (chatStore.ts) answers every tool call of the round when the destructive one is not last","status":"passed","title":"answers every tool call of the round when the destructive one is not last","duration":2.1480000000000246,"failureMessages":[],"meta":{}},{"ancestorTitles":["chat confirmation flow (chatStore.ts)"],"fullName":"chat confirmation flow (chatStore.ts) keeps the narration produced before the pause when the resumed round emits no text","status":"passed","title":"keeps the narration produced before the pause when the resumed round emits no text","duration":1.1581999999999653,"failureMessages":[],"meta":{}},{"ancestorTitles":["tool_call_id uniqueness per round (R2)"],"fullName":"tool_call_id uniqueness per round (R2) collapses duplicate ids so every announced id can be answered exactly once","status":"passed","title":"collapses duplicate ids so every announced id can be answered exactly once","duration":1.766399999999976,"failureMessages":[],"meta":{}},{"ancestorTitles":["tool_call_id uniqueness per round (R2)"],"fullName":"tool_call_id uniqueness per round (R2) leaves a round with unique ids untouched","status":"passed","title":"leaves a round with unique ids untouched","duration":0.36099999999999,"failureMessages":[],"meta":{}}],"startTime":1789218115107,"endTime":1789218115131.361,"status":"passed","message":"","name":"C:/博830/vibecoding/nebula-player/src/renderer/src/lib/__tests__/chatConfirm.test.ts"},{"assertionResults":[{"ancestorTitles":["formatTime"],"fullName":"formatTime formats minutes and seconds","status":"passed","title":"formats minutes and seconds","duration":1.6918000000000006,"failureMessages":[],"meta":{}},{"ancestorTitles":["formatTime"],"fullName":"formatTime formats hours","status":"passed","title":"formats hours","duration":0.4020999999999617,"failureMessages":[],"meta":{}},{"ancestorTitles":["formatTime"],"fullName":"formatTime handles invalid input","status":"passed","title":"handles invalid input","duration":0.28560000000004493,"failureMessages":[],"meta":{}},{"ancestorTitles":["formatDuration"],"fullName":"formatDuration summarizes durations","status":"passed","title":"summarizes durations","duration":0.3786999999999807,"failureMessages":[],"meta":{}}],"startTime":1789218114886,"endTime":1789218114889.3787,"status":"passed","message":"","name":"C:/博830/vibecoding/nebula-player/src/renderer/src/lib/__tests__/format.test.ts"},{"assertionResults":[{"ancestorTitles":["lyricsOffset — stepping"],"fullName":"lyricsOffset — stepping adjusts by the ±0.5s step","status":"passed","title":"adjusts by the ±0.5s step","duration":2.6096000000000004,"failureMessages":[],"meta":{}},{"ancestorTitles":["lyricsOffset — stepping"],"fullName":"lyricsOffset — stepping clamps to ±30s in both directions","status":"passed","title":"clamps to ±30s in both directions","duration":0.5920999999999594,"failureMessages":[],"meta":{}},{"ancestorTitles":["lyricsOffset — stepping"],"fullName":"lyricsOffset — stepping rounds to 0.1s precision","status":"passed","title":"rounds to 0.1s precision","duration":0.3609000000000151,"failureMessages":[],"meta":{}},{"ancestorTitles":["lyricsOffset — stepping"],"fullName":"lyricsOffset — stepping treats non-finite input as zero rather than NaN","status":"passed","title":"treats non-finite input as zero rather than NaN","duration":0.37350000000003547,"failureMessages":[],"meta":{}},{"ancestorTitles":["lyricsOffset — storage"],"fullName":"lyricsOffset — storage stores per track and keeps trackIds isolated","status":"passed","title":"stores per track and keeps trackIds isolated","duration":0.34209999999995944,"failureMessages":[],"meta":{}},{"ancestorTitles":["lyricsOffset — storage"],"fullName":"lyricsOffset — storage removes the entry (and the key) when the offset becomes 0","status":"passed","title":"removes the entry (and the key) when the offset becomes 0","duration":0.3450000000000273,"failureMessages":[],"meta":{}},{"ancestorTitles":["lyricsOffset — storage"],"fullName":"lyricsOffset — storage clearOffset forgets a single track only","status":"passed","title":"clearOffset forgets a single track only","duration":0.3910000000000764,"failureMessages":[],"meta":{}},{"ancestorTitles":["lyricsOffset — storage"],"fullName":"lyricsOffset — storage ignores a null/undefined/empty trackId without writing","status":"passed","title":"ignores a null/undefined/empty trackId without writing","duration":0.2817999999999756,"failureMessages":[],"meta":{}},{"ancestorTitles":["lyricsOffset — storage"],"fullName":"lyricsOffset — storage survives corrupt JSON and drops non-numeric entries","status":"passed","title":"survives corrupt JSON and drops non-numeric entries","duration":1.2741999999999507,"failureMessages":[],"meta":{}},{"ancestorTitles":["lyricsOffset — storage"],"fullName":"lyricsOffset — storage does not throw when localStorage is unavailable or missing","status":"passed","title":"does not throw when localStorage is unavailable or missing","duration":0.8780000000000427,"failureMessages":[],"meta":{}},{"ancestorTitles":["lyricsOffset — display + external store"],"fullName":"lyricsOffset — display + external store formatOffset renders signed tenths and clamps first","status":"passed","title":"formatOffset renders signed tenths and clamps first","duration":0.27169999999989614,"failureMessages":[],"meta":{}},{"ancestorTitles":["lyricsOffset — display + external store"],"fullName":"lyricsOffset — display + external store hasOffset is false for zero and for values that round to zero","status":"passed","title":"hasOffset is false for zero and for values that round to zero","duration":0.18090000000006512,"failureMessages":[],"meta":{}},{"ancestorTitles":["lyricsOffset — display + external store"],"fullName":"lyricsOffset — display + external store notifies subscribers on write and stops after unsubscribing","status":"passed","title":"notifies subscribers on write and stops after unsubscribing","duration":0.2685999999999922,"failureMessages":[],"meta":{}},{"ancestorTitles":["lyricsOffset — display + external store"],"fullName":"lyricsOffset — display + external store getOffsetSnapshot returns a live getter for useSyncExternalStore","status":"passed","title":"getOffsetSnapshot returns a live getter for useSyncExternalStore","duration":0.15499999999997272,"failureMessages":[],"meta":{}},{"ancestorTitles":["lyricsOffset — sign convention (positive offset = highlight moves forward)"],"fullName":"lyricsOffset — sign convention (positive offset = highlight moves forward) a line activates EARLIER with a positive offset and LATER with a negative one","status":"passed","title":"a line activates EARLIER with a positive offset and LATER with a negative one","duration":0.32939999999996417,"failureMessages":[],"meta":{}},{"ancestorTitles":["lyricsOffset — sign convention (positive offset = highlight moves forward)"],"fullName":"lyricsOffset — sign convention (positive offset = highlight moves forward) the ±0.5 step moves the activation instant by exactly the opposite sign","status":"passed","title":"the ±0.5 step moves the activation instant by exactly the opposite sign","duration":0.3544000000000551,"failureMessages":[],"meta":{}},{"ancestorTitles":["lyricsOffset — sign convention (positive offset = highlight moves forward)"],"fullName":"lyricsOffset — sign convention (positive offset = highlight moves forward) the real panel call sites carry the + offset sign (witnessed in their source)","status":"passed","title":"the real panel call sites carry the + offset sign (witnessed in their source)","duration":1.101099999999974,"failureMessages":[],"meta":{}}],"startTime":1789218114826,"endTime":1789218114837.101,"status":"passed","message":"","name":"C:/博830/vibecoding/nebula-player/src/renderer/src/lib/__tests__/lyricsOffset.test.ts"},{"assertionResults":[{"ancestorTitles":["miniLyricsDedup (A2 rule)"],"fullName":"miniLyricsDedup (A2 rule) issues one lyricsGet for a sustained stream of the same track","status":"passed","title":"issues one lyricsGet for a sustained stream of the same track","duration":1.708699999999908,"failureMessages":[],"meta":{}},{"ancestorTitles":["miniLyricsDedup (A2 rule)"],"fullName":"miniLyricsDedup (A2 rule) issues one fetch per distinct track when the track changes","status":"passed","title":"issues one fetch per distinct track when the track changes","duration":0.21440000000006876,"failureMessages":[],"meta":{}},{"ancestorTitles":["miniLyricsDedup (A2 rule)"],"fullName":"miniLyricsDedup (A2 rule) never paints a late response that belongs to the previous track","status":"passed","title":"never paints a late response that belongs to the previous track","duration":0.2277000000000271,"failureMessages":[],"meta":{}},{"ancestorTitles":["miniLyricsDedup (A2 rule)"],"fullName":"miniLyricsDedup (A2 rule) still paints the current track response after repeated pushes for it","status":"passed","title":"still paints the current track response after repeated pushes for it","duration":0.15970000000004347,"failureMessages":[],"meta":{}},{"ancestorTitles":["miniLyricsDedup (A2 rule)"],"fullName":"miniLyricsDedup (A2 rule) re-fetches a track that comes back after playback stops","status":"passed","title":"re-fetches a track that comes back after playback stops","duration":0.21829999999999927,"failureMessages":[],"meta":{}},{"ancestorTitles":["miniLyricsDedup (A2 rule)"],"fullName":"miniLyricsDedup (A2 rule) claimLyricsRequest is a no-op for a repeated id but true for a new one","status":"passed","title":"claimLyricsRequest is a no-op for a repeated id but true for a new one","duration":0.1875999999999749,"failureMessages":[],"meta":{}},{"ancestorTitles":["miniLyricsDedup (A2 rule)"],"fullName":"miniLyricsDedup (A2 rule) acceptLyricsResponse only accepts the newest id","status":"passed","title":"acceptLyricsResponse only accepts the newest id","duration":0.16989999999998417,"failureMessages":[],"meta":{}},{"ancestorTitles":["miniLyricsDedup (A2 rule)"],"fullName":"miniLyricsDedup (A2 rule) clearLyricsHolders resets every holder","status":"passed","title":"clearLyricsHolders resets every holder","duration":0.177599999999984,"failureMessages":[],"meta":{}}],"startTime":1789218114868,"endTime":1789218114871.1875,"status":"passed","message":"","name":"C:/博830/vibecoding/nebula-player/src/renderer/src/lib/__tests__/miniLyricsDedup.test.ts"},{"assertionResults":[{"ancestorTitles":["playerStore sleep timer"],"fullName":"playerStore sleep timer arms a countdown, ticks the badge and pauses when it runs out","status":"passed","title":"arms a countdown, ticks the badge and pauses when it runs out","duration":23.035999999999945,"failureMessages":[],"meta":{}},{"ancestorTitles":["playerStore sleep timer"],"fullName":"playerStore sleep timer cancel clears the timer and stops the clock","status":"passed","title":"cancel clears the timer and stops the clock","duration":2.9413000000000693,"failureMessages":[],"meta":{}},{"ancestorTitles":["playerStore sleep timer"],"fullName":"playerStore sleep timer arms both ended-driven modes without a deadline","status":"passed","title":"arms both ended-driven modes without a deadline","duration":2.737799999999993,"failureMessages":[],"meta":{}},{"ancestorTitles":["playerStore sleep timer"],"fullName":"playerStore sleep timer a manual skip drops an ended-driven timer but keeps a countdown","status":"passed","title":"a manual skip drops an ended-driven timer but keeps a countdown","duration":1.5967999999999165,"failureMessages":[],"meta":{}},{"ancestorTitles":["playerStore sleep timer"],"fullName":"playerStore sleep timer pauses on the natural end of the current track (no repeat, no advance)","status":"passed","title":"pauses on the natural end of the current track (no repeat, no advance)","duration":1.3345000000000482,"failureMessages":[],"meta":{}},{"ancestorTitles":["playerStore sleep timer"],"fullName":"playerStore sleep timer keeps playing through the queue and only stops once the queue ends","status":"passed","title":"keeps playing through the queue and only stops once the queue ends","duration":1.4540000000000646,"failureMessages":[],"meta":{}},{"ancestorTitles":["playerStore sleep timer"],"fullName":"playerStore sleep timer stops a single-track queue instead of looping forever","status":"passed","title":"stops a single-track queue instead of looping forever","duration":1.167100000000005,"failureMessages":[],"meta":{}},{"ancestorTitles":["playerStore sleep timer"],"fullName":"playerStore sleep timer never persists the timer — a restart starts with sleep off","status":"passed","title":"never persists the timer — a restart starts with sleep off","duration":2.182199999999966,"failureMessages":[],"meta":{}},{"ancestorTitles":["playerStore sleep timer"],"fullName":"playerStore sleep timer wraps back to index 0 when the last track ends with no timer armed","status":"passed","title":"wraps back to index 0 when the last track ends with no timer armed","duration":1.0547000000000253,"failureMessages":[],"meta":{}},{"ancestorTitles":["playerStore sleep timer"],"fullName":"playerStore sleep timer wraps back to index 0 on a manual next from the last track","status":"passed","title":"wraps back to index 0 on a manual next from the last track","duration":1.033800000000042,"failureMessages":[],"meta":{}},{"ancestorTitles":["playerStore sleep timer"],"fullName":"playerStore sleep timer still wraps in 'one' mode when the user explicitly skips","status":"passed","title":"still wraps in 'one' mode when the user explicitly skips","duration":0.9221999999999753,"failureMessages":[],"meta":{}},{"ancestorTitles":["playerStore sleep timer"],"fullName":"playerStore sleep timer a multi-track queue timer fires on the first natural end in 'one' mode","status":"passed","title":"a multi-track queue timer fires on the first natural end in 'one' mode","duration":1.1981000000000677,"failureMessages":[],"meta":{}},{"ancestorTitles":["playerStore sleep timer"],"fullName":"playerStore sleep timer does not fire a 'queue' timer on a mid-queue natural end in list mode","status":"passed","title":"does not fire a 'queue' timer on a mid-queue natural end in list mode","duration":1.3156000000000176,"failureMessages":[],"meta":{}},{"ancestorTitles":["playerStore sleep timer"],"fullName":"playerStore sleep timer still stops immediately when a one-track queue repeats in 'one' mode","status":"passed","title":"still stops immediately when a one-track queue repeats in 'one' mode","duration":0.9775000000000773,"failureMessages":[],"meta":{}},{"ancestorTitles":["playerStore sleep timer"],"fullName":"playerStore sleep timer a manual skip only drops the track timer, keeping an armed queue timer","status":"passed","title":"a manual skip only drops the track timer, keeping an armed queue timer","duration":1.148900000000026,"failureMessages":[],"meta":{}}],"startTime":1789218115068,"endTime":1789218115112.149,"status":"passed","message":"","name":"C:/博830/vibecoding/nebula-player/src/renderer/src/lib/__tests__/playerStoreSleep.test.ts"},{"assertionResults":[{"ancestorTitles":["withQueueContext"],"fullName":"withQueueContext expands a single request to the same album first","status":"passed","title":"expands a single request to the same album first","duration":2.649599999999964,"failureMessages":[],"meta":{}},{"ancestorTitles":["withQueueContext"],"fullName":"withQueueContext falls back to the same artist when the album is too small","status":"passed","title":"falls back to the same artist when the album is too small","duration":0.5215999999999212,"failureMessages":[],"meta":{}},{"ancestorTitles":["withQueueContext"],"fullName":"withQueueContext fills from the whole library when the artist has too few tracks","status":"passed","title":"fills from the whole library when the artist has too few tracks","duration":1.3727999999999838,"failureMessages":[],"meta":{}},{"ancestorTitles":["withQueueContext"],"fullName":"withQueueContext never duplicates the requested track and drops missing ids","status":"passed","title":"never duplicates the requested track and drops missing ids","duration":0.3067999999999529,"failureMessages":[],"meta":{}},{"ancestorTitles":["withQueueContext"],"fullName":"withQueueContext respects the 50-track cap","status":"passed","title":"respects the 50-track cap","duration":0.4916000000000622,"failureMessages":[],"meta":{}},{"ancestorTitles":["withQueueContext"],"fullName":"withQueueContext honours a custom cap","status":"passed","title":"honours a custom cap","duration":0.40850000000000364,"failureMessages":[],"meta":{}},{"ancestorTitles":["withQueueContext"],"fullName":"withQueueContext returns multi-track requests untouched","status":"passed","title":"returns multi-track requests untouched","duration":0.223700000000008,"failureMessages":[],"meta":{}},{"ancestorTitles":["withQueueContext"],"fullName":"withQueueContext returns the request untouched when the library has a single track","status":"passed","title":"returns the request untouched when the library has a single track","duration":0.26319999999998345,"failureMessages":[],"meta":{}},{"ancestorTitles":["withQueueContext"],"fullName":"withQueueContext keeps library order within each fill stage","status":"passed","title":"keeps library order within each fill stage","duration":0.33580000000006294,"failureMessages":[],"meta":{}}],"startTime":1789218114883,"endTime":1789218114889.3357,"status":"passed","message":"","name":"C:/博830/vibecoding/nebula-player/src/renderer/src/lib/__tests__/queue.test.ts"},{"assertionResults":[{"ancestorTitles":["buildTasteProfile"],"fullName":"buildTasteProfile aggregates artist and genre plays","status":"passed","title":"aggregates artist and genre plays","duration":2.9250999999999294,"failureMessages":[],"meta":{}},{"ancestorTitles":["buildTasteProfile"],"fullName":"buildTasteProfile handles an empty history","status":"passed","title":"handles an empty history","duration":0.6958000000000766,"failureMessages":[],"meta":{}},{"ancestorTitles":["recommendTracks"],"fullName":"recommendTracks prefers favourite genres/artists and explains why","status":"passed","title":"prefers favourite genres/artists and explains why","duration":14.61609999999996,"failureMessages":[],"meta":{}},{"ancestorTitles":["recommendTracks"],"fullName":"recommendTracks penalises the most recently played track (R4d: asserts the observable effect)","status":"passed","title":"penalises the most recently played track (R4d: asserts the observable effect)","duration":0.792699999999968,"failureMessages":[],"meta":{}},{"ancestorTitles":["recommendTracks"],"fullName":"recommendTracks ranks unplayed tracks first and labels them 新入库 (R4d: was mislabelled as a fallback)","status":"passed","title":"ranks unplayed tracks first and labels them 新入库 (R4d: was mislabelled as a fallback)","duration":0.8556999999999562,"failureMessages":[],"meta":{}},{"ancestorTitles":["recommendTracks"],"fullName":"recommendTracks skips missing files","status":"passed","title":"skips missing files","duration":0.38980000000003656,"failureMessages":[],"meta":{}}],"startTime":1789218114868,"endTime":1789218114888.39,"status":"passed","message":"","name":"C:/博830/vibecoding/nebula-player/src/renderer/src/lib/__tests__/recommend.test.ts"},{"assertionResults":[{"ancestorTitles":["searchTracks"],"fullName":"searchTracks matches title substrings with relevance ranking","status":"passed","title":"matches title substrings with relevance ranking","duration":2.0276999999999816,"failureMessages":[],"meta":{}},{"ancestorTitles":["searchTracks"],"fullName":"searchTracks matches chinese titles","status":"passed","title":"matches chinese titles","duration":0.35370000000000346,"failureMessages":[],"meta":{}},{"ancestorTitles":["searchTracks"],"fullName":"searchTracks filters by artist and album exactly","status":"passed","title":"filters by artist and album exactly","duration":0.378400000000056,"failureMessages":[],"meta":{}},{"ancestorTitles":["searchTracks"],"fullName":"searchTracks matches genre keywords","status":"passed","title":"matches genre keywords","duration":12.665900000000079,"failureMessages":[],"meta":{}},{"ancestorTitles":["searchTracks"],"fullName":"searchTracks is case-insensitive","status":"passed","title":"is case-insensitive","duration":0.4087000000000671,"failureMessages":[],"meta":{}},{"ancestorTitles":["searchTracks"],"fullName":"searchTracks handles empty queries","status":"passed","title":"handles empty queries","duration":0.20650000000000546,"failureMessages":[],"meta":{}},{"ancestorTitles":["groupers"],"fullName":"groupers groups artists by count","status":"passed","title":"groups artists by count","duration":0.5112000000000307,"failureMessages":[],"meta":{}},{"ancestorTitles":["groupers"],"fullName":"groupers groups albums by artist+album key","status":"passed","title":"groups albums by artist+album key","duration":0.48480000000006385,"failureMessages":[],"meta":{}},{"ancestorTitles":["groupers"],"fullName":"groupers groups folders by scan root","status":"passed","title":"groups folders by scan root","duration":0.2817999999999756,"failureMessages":[],"meta":{}}],"startTime":1789218114888,"endTime":1789218114905.4849,"status":"passed","message":"","name":"C:/博830/vibecoding/nebula-player/src/renderer/src/lib/__tests__/search.test.ts"},{"assertionResults":[{"ancestorTitles":["sleep timer arming"],"fullName":"sleep timer arming exposes the three offered durations","status":"passed","title":"exposes the three offered durations","duration":1.970199999999977,"failureMessages":[],"meta":{}},{"ancestorTitles":["sleep timer arming"],"fullName":"sleep timer arming arms a countdown deadline in the future","status":"passed","title":"arms a countdown deadline in the future","duration":0.6256000000000768,"failureMessages":[],"meta":{}},{"ancestorTitles":["sleep timer arming"],"fullName":"sleep timer arming floors fractional minutes and clamps junk to a 0-minute countdown","status":"passed","title":"floors fractional minutes and clamps junk to a 0-minute countdown","duration":0.4539999999999509,"failureMessages":[],"meta":{}},{"ancestorTitles":["sleep timer arming"],"fullName":"sleep timer arming arms the two ended-driven modes without a deadline","status":"passed","title":"arms the two ended-driven modes without a deadline","duration":0.5670999999999822,"failureMessages":[],"meta":{}},{"ancestorTitles":["remaining time helpers"],"fullName":"remaining time helpers reports null for a missing timer or a non-countdown mode","status":"passed","title":"reports null for a missing timer or a non-countdown mode","duration":0.43659999999999854,"failureMessages":[],"meta":{}},{"ancestorTitles":["remaining time helpers"],"fullName":"remaining time helpers never goes below zero","status":"passed","title":"never goes below zero","duration":0.2988000000000284,"failureMessages":[],"meta":{}},{"ancestorTitles":["remaining time helpers"],"fullName":"remaining time helpers rounds seconds up so the badge starts at the full duration","status":"passed","title":"rounds seconds up so the badge starts at the full duration","duration":0.261600000000044,"failureMessages":[],"meta":{}},{"ancestorTitles":["remaining time helpers"],"fullName":"remaining time helpers formats remaining seconds for the badge","status":"passed","title":"formats remaining seconds for the badge","duration":0.37760000000002947,"failureMessages":[],"meta":{}},{"ancestorTitles":["remaining time helpers"],"fullName":"remaining time helpers labels each mode and the off state","status":"passed","title":"labels each mode and the off state","duration":0.3129999999999882,"failureMessages":[],"meta":{}},{"ancestorTitles":["countdown ticking"],"fullName":"countdown ticking keeps counting until the deadline, then reports the expiry","status":"passed","title":"keeps counting until the deadline, then reports the expiry","duration":0.28549999999995634,"failureMessages":[],"meta":{}},{"ancestorTitles":["countdown ticking"],"fullName":"countdown ticking passes through timers without a countdown and the off state","status":"passed","title":"passes through timers without a countdown and the off state","duration":0.1935000000000855,"failureMessages":[],"meta":{}},{"ancestorTitles":["shouldStopOnEnded"],"fullName":"shouldStopOnEnded plays on normally when the timer is off","status":"passed","title":"plays on normally when the timer is off","duration":0.25509999999997035,"failureMessages":[],"meta":{}},{"ancestorTitles":["shouldStopOnEnded"],"fullName":"shouldStopOnEnded countdown mode never stops on a track ending","status":"passed","title":"countdown mode never stops on a track ending","duration":0.1594000000000051,"failureMessages":[],"meta":{}},{"ancestorTitles":["shouldStopOnEnded"],"fullName":"shouldStopOnEnded track mode stops the very first natural end, including single-track repeat","status":"passed","title":"track mode stops the very first natural end, including single-track repeat","duration":0.19429999999999836,"failureMessages":[],"meta":{}},{"ancestorTitles":["shouldStopOnEnded"],"fullName":"shouldStopOnEnded queue mode advances through the middle of the queue","status":"passed","title":"queue mode advances through the middle of the queue","duration":0.28300000000001546,"failureMessages":[],"meta":{}},{"ancestorTitles":["shouldStopOnEnded"],"fullName":"shouldStopOnEnded queue mode stops at the last track — no wrap-around","status":"passed","title":"queue mode stops at the last track — no wrap-around","duration":0.18590000000006057,"failureMessages":[],"meta":{}},{"ancestorTitles":["shouldStopOnEnded"],"fullName":"shouldStopOnEnded queue mode stops on the single-track queue (no endless loop)","status":"passed","title":"queue mode stops on the single-track queue (no endless loop)","duration":0.19399999999995998,"failureMessages":[],"meta":{}},{"ancestorTitles":["shouldStopOnEnded"],"fullName":"shouldStopOnEnded an explicit user skip wins over ended-driven modes","status":"passed","title":"an explicit user skip wins over ended-driven modes","duration":0.25130000000001473,"failureMessages":[],"meta":{}},{"ancestorTitles":["shouldStopOnEnded"],"fullName":"shouldStopOnEnded fires for track mode at any index, and for queue mode only at the end","status":"passed","title":"fires for track mode at any index, and for queue mode only at the end","duration":0.2538000000000693,"failureMessages":[],"meta":{}},{"ancestorTitles":["shouldStopOnEnded"],"fullName":"shouldStopOnEnded the trigger is independent of play mode (list and shuffle both honoured)","status":"passed","title":"the trigger is independent of play mode (list and shuffle both honoured)","duration":0.20260000000007494,"failureMessages":[],"meta":{}}],"startTime":1789218114819,"endTime":1789218114828.254,"status":"passed","message":"","name":"C:/博830/vibecoding/nebula-player/src/renderer/src/lib/__tests__/sleepTimer.test.ts"}]}