{"numTotalTestSuites":42,"numPassedTestSuites":42,"numFailedTestSuites":0,"numPendingTestSuites":0,"numTotalTests":138,"numPassedTests":138,"numFailedTests":0,"numPendingTests":0,"numTodoTests":0,"snapshot":{"added":0,"failure":false,"filesAdded":0,"filesRemoved":0,"filesRemovedList":[],"filesUnmatched":0,"filesUpdated":0,"matched":0,"total":0,"unchecked":0,"uncheckedKeysByFile":[],"unmatched":0,"updated":0,"didUpdate":false},"startTime":1789214660172,"success":true,"testResults":[{"assertionResults":[{"ancestorTitles":["fallback tool-call ids (R2)"],"fullName":"fallback tool-call ids (R2) gives two id-less calls of the same tool distinct ids within one response","status":"passed","title":"gives two id-less calls of the same tool distinct ids within one response","duration":7.7327000000000226,"failureMessages":[],"meta":{}},{"ancestorTitles":["fallback tool-call ids (R2)"],"fullName":"fallback tool-call ids (R2) never repeats a fallback id across successive rounds","status":"passed","title":"never repeats a fallback id across successive rounds","duration":1.2157999999999447,"failureMessages":[],"meta":{}},{"ancestorTitles":["fallback tool-call ids (R2)"],"fullName":"fallback tool-call ids (R2) de-duplicates ids that the provider itself repeats verbatim","status":"passed","title":"de-duplicates ids that the provider itself repeats verbatim","duration":0.9419000000000324,"failureMessages":[],"meta":{}},{"ancestorTitles":["fallback tool-call ids (R2)"],"fullName":"fallback tool-call ids (R2) keeps provider-supplied unique ids untouched","status":"passed","title":"keeps provider-supplied unique ids untouched","duration":0.8505999999999858,"failureMessages":[],"meta":{}}],"startTime":1789214660820,"endTime":1789214660830.8506,"status":"passed","message":"","name":"C:/博830/vibecoding/nebula-player/src/main/__tests__/llmClientToolIds.test.ts"},{"assertionResults":[{"ancestorTitles":["parseLrc"],"fullName":"parseLrc parses standard [mm:ss.xx] timestamps","status":"passed","title":"parses standard [mm:ss.xx] timestamps","duration":2.52049999999997,"failureMessages":[],"meta":{}},{"ancestorTitles":["parseLrc"],"fullName":"parseLrc accepts [mm:ss] without a fraction and the [mm:ss:xx] colon form","status":"passed","title":"accepts [mm:ss] without a fraction and the [mm:ss:xx] colon form","duration":0.4962000000000444,"failureMessages":[],"meta":{}},{"ancestorTitles":["parseLrc"],"fullName":"parseLrc treats .5 / .50 / .500 identically (fraction scaled by digit count)","status":"passed","title":"treats .5 / .50 / .500 identically (fraction scaled by digit count)","duration":0.4157000000000153,"failureMessages":[],"meta":{}},{"ancestorTitles":["parseLrc"],"fullName":"parseLrc expands one line carrying several timestamps into several entries","status":"passed","title":"expands one line carrying several timestamps into several entries","duration":0.3129000000000133,"failureMessages":[],"meta":{}},{"ancestorTitles":["parseLrc"],"fullName":"parseLrc ignores metadata tags such as [ti:] and [ar:]","status":"passed","title":"ignores metadata tags such as [ti:] and [ar:]","duration":0.28140000000007603,"failureMessages":[],"meta":{}},{"ancestorTitles":["parseLrc"],"fullName":"parseLrc sorts out-of-order timestamps ascending","status":"passed","title":"sorts out-of-order timestamps ascending","duration":0.3573999999999842,"failureMessages":[],"meta":{}},{"ancestorTitles":["parseLrc"],"fullName":"parseLrc returns nothing for empty text or lines without a timestamp","status":"passed","title":"returns nothing for empty text or lines without a timestamp","duration":0.3242000000000189,"failureMessages":[],"meta":{}},{"ancestorTitles":["parseLrc"],"fullName":"parseLrc keeps an empty text for a timestamp-only line and handles CRLF","status":"passed","title":"keeps an empty text for a timestamp-only line and handles CRLF","duration":0.27899999999999636,"failureMessages":[],"meta":{}},{"ancestorTitles":["parseLrc"],"fullName":"parseLrc supports 3-digit minutes (long tracks) and 1-digit seconds","status":"passed","title":"supports 3-digit minutes (long tracks) and 1-digit seconds","duration":0.25530000000003383,"failureMessages":[],"meta":{}}],"startTime":1789214660867,"endTime":1789214660872.279,"status":"passed","message":"","name":"C:/博830/vibecoding/nebula-player/src/main/__tests__/lrc.test.ts"},{"assertionResults":[{"ancestorTitles":["needsConvert"],"fullName":"needsConvert returns null for natively playable containers","status":"passed","title":"returns null for natively playable containers","duration":1.0808999999999287,"failureMessages":[],"meta":{}},{"ancestorTitles":["needsConvert"],"fullName":"needsConvert routes ape to wav and aac to m4a","status":"passed","title":"routes ape to wav and aac to m4a","duration":0.3287000000000262,"failureMessages":[],"meta":{}},{"ancestorTitles":["needsConvert"],"fullName":"needsConvert returns null for unknown or missing extensions","status":"passed","title":"returns null for unknown or missing extensions","duration":0.29159999999990305,"failureMessages":[],"meta":{}},{"ancestorTitles":["needsConvert"],"fullName":"needsConvert is case-insensitive","status":"passed","title":"is case-insensitive","duration":0.1932000000000471,"failureMessages":[],"meta":{}},{"ancestorTitles":["needsConvert"],"fullName":"needsConvert uses only the final extension","status":"passed","title":"uses only the final extension","duration":0.13050000000009732,"failureMessages":[],"meta":{}},{"ancestorTitles":["needsConvert"],"fullName":"needsConvert exposes the underlying tables","status":"passed","title":"exposes the underlying tables","duration":0.31979999999998654,"failureMessages":[],"meta":{}},{"ancestorTitles":["mini window lyrics dedupe (A2 rule — specification, see R4(b) status)"],"fullName":"mini window lyrics dedupe (A2 rule — specification, see R4(b) status) issues one lyricsGet for a sustained stream of the same track","status":"passed","title":"issues one lyricsGet for a sustained stream of the same track","duration":0.8904999999999745,"failureMessages":[],"meta":{}},{"ancestorTitles":["mini window lyrics dedupe (A2 rule — specification, see R4(b) status)"],"fullName":"mini window lyrics dedupe (A2 rule — specification, see R4(b) status) issues one fetch per distinct track when the track changes","status":"passed","title":"issues one fetch per distinct track when the track changes","duration":0.20450000000005275,"failureMessages":[],"meta":{}},{"ancestorTitles":["mini window lyrics dedupe (A2 rule — specification, see R4(b) status)"],"fullName":"mini window lyrics dedupe (A2 rule — specification, see R4(b) status) never paints a late response that belongs to the previous track","status":"passed","title":"never paints a late response that belongs to the previous track","duration":0.2139999999999418,"failureMessages":[],"meta":{}},{"ancestorTitles":["mini window lyrics dedupe (A2 rule — specification, see R4(b) status)"],"fullName":"mini window lyrics dedupe (A2 rule — specification, see R4(b) status) still paints the current track response after repeated pushes for it","status":"passed","title":"still paints the current track response after repeated pushes for it","duration":0.16899999999998272,"failureMessages":[],"meta":{}},{"ancestorTitles":["mini window lyrics dedupe (A2 rule — specification, see R4(b) status)"],"fullName":"mini window lyrics dedupe (A2 rule — specification, see R4(b) status) re-fetches a track that comes back after playback stops","status":"passed","title":"re-fetches a track that comes back after playback stops","duration":0.15960000000006858,"failureMessages":[],"meta":{}}],"startTime":1789214660798,"endTime":1789214660802.214,"status":"passed","message":"","name":"C:/博830/vibecoding/nebula-player/src/main/__tests__/mediaFormats.test.ts"},{"assertionResults":[{"ancestorTitles":["createMediaRoots — cold-start concurrency (regression 1)"],"fullName":"createMediaRoots — cold-start concurrency (regression 1) resolves EVERY concurrent first call to the fully populated set","status":"passed","title":"resolves EVERY concurrent first call to the fully populated set","duration":3.2650999999999613,"failureMessages":[],"meta":{}},{"ancestorTitles":["createMediaRoots — cold-start concurrency (regression 1)"],"fullName":"createMediaRoots — cold-start concurrency (regression 1) reads the library only once across concurrent and later callers","status":"passed","title":"reads the library only once across concurrent and later callers","duration":0.31350000000009004,"failureMessages":[],"meta":{}},{"ancestorTitles":["createMediaRoots — cold-start concurrency (regression 1)"],"fullName":"createMediaRoots — cold-start concurrency (regression 1) falls back to the static roots when the library cannot be read","status":"passed","title":"falls back to the static roots when the library cannot be read","duration":0.8563000000000329,"failureMessages":[],"meta":{}},{"ancestorTitles":["createMediaRoots — cold-start concurrency (regression 1)"],"fullName":"createMediaRoots — cold-start concurrency (regression 1) evaluates staticRoots lazily, at populate time","status":"passed","title":"evaluates staticRoots lazily, at populate time","duration":0.25720000000001164,"failureMessages":[],"meta":{}},{"ancestorTitles":["createMediaRoots — refresh (regression 2)"],"fullName":"createMediaRoots — refresh (regression 2) applies a folder that only appeared after the first population","status":"passed","title":"applies a folder that only appeared after the first population","duration":0.7884999999999991,"failureMessages":[],"meta":{}},{"ancestorTitles":["createMediaRoots — refresh (regression 2)"],"fullName":"createMediaRoots — refresh (regression 2) can be replaced again and drops directories that are gone","status":"passed","title":"can be replaced again and drops directories that are gone","duration":0.4779999999999518,"failureMessages":[],"meta":{}},{"ancestorTitles":["createMediaRoots — refresh (regression 2)"],"fullName":"createMediaRoots — refresh (regression 2) set() replaces the set and is visible to later get() calls","status":"passed","title":"set() replaces the set and is visible to later get() calls","duration":0.400600000000054,"failureMessages":[],"meta":{}},{"ancestorTitles":["createMediaRoots — refresh (regression 2)"],"fullName":"createMediaRoots — refresh (regression 2) a set() during an in-flight populate wins over that populate","status":"passed","title":"a set() during an in-flight populate wins over that populate","duration":0.42880000000002383,"failureMessages":[],"meta":{}},{"ancestorTitles":["createMediaRoots — refresh (regression 2)"],"fullName":"createMediaRoots — refresh (regression 2) refresh() records the library even when nothing was served yet","status":"passed","title":"refresh() records the library even when nothing was served yet","duration":0.44040000000006785,"failureMessages":[],"meta":{}}],"startTime":1789214660820,"endTime":1789214660827.4404,"status":"passed","message":"","name":"C:/博830/vibecoding/nebula-player/src/main/__tests__/mediaRoots.test.ts"},{"assertionResults":[{"ancestorTitles":["extOf"],"fullName":"extOf returns the lowercase extension without the dot","status":"passed","title":"returns the lowercase extension without the dot","duration":1.445699999999988,"failureMessages":[],"meta":{}},{"ancestorTitles":["extOf"],"fullName":"extOf returns an empty string when there is no extension","status":"passed","title":"returns an empty string when there is no extension","duration":0.24690000000009604,"failureMessages":[],"meta":{}},{"ancestorTitles":["displayFolderName"],"fullName":"displayFolderName uses the last path segment","status":"passed","title":"uses the last path segment","duration":0.25080000000002656,"failureMessages":[],"meta":{}},{"ancestorTitles":["mapLimit"],"fullName":"mapLimit preserves input order even when tasks resolve out of order","status":"passed","title":"preserves input order even when tasks resolve out of order","duration":44.670799999999986,"failureMessages":[],"meta":{}},{"ancestorTitles":["mapLimit"],"fullName":"mapLimit never runs more than `limit` tasks at once","status":"passed","title":"never runs more than `limit` tasks at once","duration":31.539999999999964,"failureMessages":[],"meta":{}},{"ancestorTitles":["mapLimit"],"fullName":"mapLimit handles empty input and a limit larger than the item count","status":"passed","title":"handles empty input and a limit larger than the item count","duration":0.34990000000004784,"failureMessages":[],"meta":{}},{"ancestorTitles":["mapLimit"],"fullName":"mapLimit receives the index alongside each item","status":"passed","title":"receives the index alongside each item","duration":0.2642000000000735,"failureMessages":[],"meta":{}},{"ancestorTitles":["collectAudioFiles"],"fullName":"collectAudioFiles collects supported audio recursively and skips hidden/tool dirs","status":"passed","title":"collects supported audio recursively and skips hidden/tool dirs","duration":2.8573000000000093,"failureMessages":[],"meta":{}},{"ancestorTitles":["collectAudioFiles"],"fullName":"collectAudioFiles does not descend into .hidden, node_modules or .git","status":"passed","title":"does not descend into .hidden, node_modules or .git","duration":1.9751999999999725,"failureMessages":[],"meta":{}},{"ancestorTitles":["collectAudioFiles"],"fullName":"collectAudioFiles imports a single supported file directly","status":"passed","title":"imports a single supported file directly","duration":1.5685999999999467,"failureMessages":[],"meta":{}},{"ancestorTitles":["collectAudioFiles"],"fullName":"collectAudioFiles returns nothing for an unsupported single file or a missing path","status":"passed","title":"returns nothing for an unsupported single file or a missing path","duration":1.6328999999999496,"failureMessages":[],"meta":{}},{"ancestorTitles":["collectAudioFiles"],"fullName":"collectAudioFiles stops immediately when the signal is already cancelled","status":"passed","title":"stops immediately when the signal is already cancelled","duration":1.5697000000000116,"failureMessages":[],"meta":{}}],"startTime":1789214660819,"endTime":1789214660926.5696,"status":"passed","message":"","name":"C:/博830/vibecoding/nebula-player/src/main/__tests__/scanner.test.ts"},{"assertionResults":[{"ancestorTitles":["destructive tool guard (tools.ts)"],"fullName":"destructive tool guard (tools.ts) knows which tools are destructive","status":"passed","title":"knows which tools are destructive","duration":2.5961999999999534,"failureMessages":[],"meta":{}},{"ancestorTitles":["destructive tool guard (tools.ts)"],"fullName":"destructive tool guard (tools.ts) summarises the pending operation for the confirmation bar","status":"passed","title":"summarises the pending operation for the confirmation bar","duration":0.7930000000000064,"failureMessages":[],"meta":{}},{"ancestorTitles":["destructive tool guard (tools.ts)"],"fullName":"destructive tool guard (tools.ts) does NOT execute remove_from_playlist without user approval","status":"passed","title":"does NOT execute remove_from_playlist without user approval","duration":2.1387999999999465,"failureMessages":[],"meta":{}},{"ancestorTitles":["destructive tool guard (tools.ts)"],"fullName":"destructive tool guard (tools.ts) cannot be self-approved: a token only authorises its own run + call","status":"passed","title":"cannot be self-approved: a token only authorises its own run + call","duration":1.2994999999999663,"failureMessages":[],"meta":{}},{"ancestorTitles":["destructive tool guard (tools.ts)"],"fullName":"destructive tool guard (tools.ts) leaves non-destructive tools untouched (no confirmation, executed at once)","status":"passed","title":"leaves non-destructive tools untouched (no confirmation, executed at once)","duration":1.0490000000000919,"failureMessages":[],"meta":{}},{"ancestorTitles":["chat confirmation flow (chatStore.ts)"],"fullName":"chat confirmation flow (chatStore.ts) pauses the turn on a destructive call and continues as soon as the user confirms","status":"passed","title":"pauses the turn on a destructive call and continues as soon as the user confirms","duration":3.6030999999999267,"failureMessages":[],"meta":{}},{"ancestorTitles":["chat confirmation flow (chatStore.ts)"],"fullName":"chat confirmation flow (chatStore.ts) tells the model the user cancelled and keeps the sequence intact (no duplicate tool message)","status":"passed","title":"tells the model the user cancelled and keeps the sequence intact (no duplicate tool message)","duration":1.4435000000000855,"failureMessages":[],"meta":{}},{"ancestorTitles":["chat confirmation flow (chatStore.ts)"],"fullName":"chat confirmation flow (chatStore.ts) runs non-destructive calls inline without any confirmation","status":"passed","title":"runs non-destructive calls inline without any confirmation","duration":1.1433000000000675,"failureMessages":[],"meta":{}},{"ancestorTitles":["chat confirmation flow (chatStore.ts)"],"fullName":"chat confirmation flow (chatStore.ts) blocks new messages while a confirmation is pending","status":"passed","title":"blocks new messages while a confirmation is pending","duration":0.6725000000000136,"failureMessages":[],"meta":{}},{"ancestorTitles":["chat confirmation flow (chatStore.ts)"],"fullName":"chat confirmation flow (chatStore.ts) answers every tool call of the round when the destructive one is not last","status":"passed","title":"answers every tool call of the round when the destructive one is not last","duration":1.8505999999999858,"failureMessages":[],"meta":{}},{"ancestorTitles":["chat confirmation flow (chatStore.ts)"],"fullName":"chat confirmation flow (chatStore.ts) keeps the narration produced before the pause when the resumed round emits no text","status":"passed","title":"keeps the narration produced before the pause when the resumed round emits no text","duration":1.0552000000000135,"failureMessages":[],"meta":{}},{"ancestorTitles":["tool_call_id uniqueness per round (R2)"],"fullName":"tool_call_id uniqueness per round (R2) collapses duplicate ids so every announced id can be answered exactly once","status":"passed","title":"collapses duplicate ids so every announced id can be answered exactly once","duration":1.4593000000000984,"failureMessages":[],"meta":{}},{"ancestorTitles":["tool_call_id uniqueness per round (R2)"],"fullName":"tool_call_id uniqueness per round (R2) leaves a round with unique ids untouched","status":"passed","title":"leaves a round with unique ids untouched","duration":0.2880999999999858,"failureMessages":[],"meta":{}}],"startTime":1789214661002,"endTime":1789214661022.288,"status":"passed","message":"","name":"C:/博830/vibecoding/nebula-player/src/renderer/src/lib/__tests__/chatConfirm.test.ts"},{"assertionResults":[{"ancestorTitles":["formatTime"],"fullName":"formatTime formats minutes and seconds","status":"passed","title":"formats minutes and seconds","duration":1.638400000000047,"failureMessages":[],"meta":{}},{"ancestorTitles":["formatTime"],"fullName":"formatTime formats hours","status":"passed","title":"formats hours","duration":0.29710000000000036,"failureMessages":[],"meta":{}},{"ancestorTitles":["formatTime"],"fullName":"formatTime handles invalid input","status":"passed","title":"handles invalid input","duration":0.24239999999997508,"failureMessages":[],"meta":{}},{"ancestorTitles":["formatDuration"],"fullName":"formatDuration summarizes durations","status":"passed","title":"summarizes durations","duration":0.38339999999999463,"failureMessages":[],"meta":{}}],"startTime":1789214660820,"endTime":1789214660822.3833,"status":"passed","message":"","name":"C:/博830/vibecoding/nebula-player/src/renderer/src/lib/__tests__/format.test.ts"},{"assertionResults":[{"ancestorTitles":["lyricsOffset — stepping"],"fullName":"lyricsOffset — stepping adjusts by the ±0.5s step","status":"passed","title":"adjusts by the ±0.5s step","duration":2.274400000000014,"failureMessages":[],"meta":{}},{"ancestorTitles":["lyricsOffset — stepping"],"fullName":"lyricsOffset — stepping clamps to ±30s in both directions","status":"passed","title":"clamps to ±30s in both directions","duration":0.44060000000001764,"failureMessages":[],"meta":{}},{"ancestorTitles":["lyricsOffset — stepping"],"fullName":"lyricsOffset — stepping rounds to 0.1s precision","status":"passed","title":"rounds to 0.1s precision","duration":0.2725000000000364,"failureMessages":[],"meta":{}},{"ancestorTitles":["lyricsOffset — stepping"],"fullName":"lyricsOffset — stepping treats non-finite input as zero rather than NaN","status":"passed","title":"treats non-finite input as zero rather than NaN","duration":0.25289999999995416,"failureMessages":[],"meta":{}},{"ancestorTitles":["lyricsOffset — storage"],"fullName":"lyricsOffset — storage stores per track and keeps trackIds isolated","status":"passed","title":"stores per track and keeps trackIds isolated","duration":0.3609000000000151,"failureMessages":[],"meta":{}},{"ancestorTitles":["lyricsOffset — storage"],"fullName":"lyricsOffset — storage removes the entry (and the key) when the offset becomes 0","status":"passed","title":"removes the entry (and the key) when the offset becomes 0","duration":0.3351000000000113,"failureMessages":[],"meta":{}},{"ancestorTitles":["lyricsOffset — storage"],"fullName":"lyricsOffset — storage clearOffset forgets a single track only","status":"passed","title":"clearOffset forgets a single track only","duration":0.3342999999999847,"failureMessages":[],"meta":{}},{"ancestorTitles":["lyricsOffset — storage"],"fullName":"lyricsOffset — storage ignores a null/undefined/empty trackId without writing","status":"passed","title":"ignores a null/undefined/empty trackId without writing","duration":0.3788999999999305,"failureMessages":[],"meta":{}},{"ancestorTitles":["lyricsOffset — storage"],"fullName":"lyricsOffset — storage survives corrupt JSON and drops non-numeric entries","status":"passed","title":"survives corrupt JSON and drops non-numeric entries","duration":1.386700000000019,"failureMessages":[],"meta":{}},{"ancestorTitles":["lyricsOffset — storage"],"fullName":"lyricsOffset — storage does not throw when localStorage is unavailable or missing","status":"passed","title":"does not throw when localStorage is unavailable or missing","duration":0.9999000000000251,"failureMessages":[],"meta":{}},{"ancestorTitles":["lyricsOffset — display + external store"],"fullName":"lyricsOffset — display + external store formatOffset renders signed tenths and clamps first","status":"passed","title":"formatOffset renders signed tenths and clamps first","duration":0.3755999999999631,"failureMessages":[],"meta":{}},{"ancestorTitles":["lyricsOffset — display + external store"],"fullName":"lyricsOffset — display + external store hasOffset is false for zero and for values that round to zero","status":"passed","title":"hasOffset is false for zero and for values that round to zero","duration":0.27750000000003183,"failureMessages":[],"meta":{}},{"ancestorTitles":["lyricsOffset — display + external store"],"fullName":"lyricsOffset — display + external store notifies subscribers on write and stops after unsubscribing","status":"passed","title":"notifies subscribers on write and stops after unsubscribing","duration":0.35750000000007276,"failureMessages":[],"meta":{}},{"ancestorTitles":["lyricsOffset — display + external store"],"fullName":"lyricsOffset — display + external store getOffsetSnapshot returns a live getter for useSyncExternalStore","status":"passed","title":"getOffsetSnapshot returns a live getter for useSyncExternalStore","duration":0.36399999999991905,"failureMessages":[],"meta":{}},{"ancestorTitles":["lyricsOffset — sign convention (positive offset = highlight moves forward)"],"fullName":"lyricsOffset — sign convention (positive offset = highlight moves forward) a line activates EARLIER with a positive offset and LATER with a negative one","status":"passed","title":"a line activates EARLIER with a positive offset and LATER with a negative one","duration":0.5729999999999791,"failureMessages":[],"meta":{}},{"ancestorTitles":["lyricsOffset — sign convention (positive offset = highlight moves forward)"],"fullName":"lyricsOffset — sign convention (positive offset = highlight moves forward) the ±0.5 step moves the activation instant by exactly the opposite sign","status":"passed","title":"the ±0.5 step moves the activation instant by exactly the opposite sign","duration":0.6065999999999576,"failureMessages":[],"meta":{}},{"ancestorTitles":["lyricsOffset — sign convention (positive offset = highlight moves forward)"],"fullName":"lyricsOffset — sign convention (positive offset = highlight moves forward) the real panel call sites carry the + offset sign (witnessed in their source)","status":"passed","title":"the real panel call sites carry the + offset sign (witnessed in their source)","duration":1.2176999999999225,"failureMessages":[],"meta":{}}],"startTime":1789214660780,"endTime":1789214660792.2178,"status":"passed","message":"","name":"C:/博830/vibecoding/nebula-player/src/renderer/src/lib/__tests__/lyricsOffset.test.ts"},{"assertionResults":[{"ancestorTitles":["playerStore sleep timer"],"fullName":"playerStore sleep timer arms a countdown, ticks the badge and pauses when it runs out","status":"passed","title":"arms a countdown, ticks the badge and pauses when it runs out","duration":22.143599999999992,"failureMessages":[],"meta":{}},{"ancestorTitles":["playerStore sleep timer"],"fullName":"playerStore sleep timer cancel clears the timer and stops the clock","status":"passed","title":"cancel clears the timer and stops the clock","duration":1.665399999999977,"failureMessages":[],"meta":{}},{"ancestorTitles":["playerStore sleep timer"],"fullName":"playerStore sleep timer arms both ended-driven modes without a deadline","status":"passed","title":"arms both ended-driven modes without a deadline","duration":2.351600000000076,"failureMessages":[],"meta":{}},{"ancestorTitles":["playerStore sleep timer"],"fullName":"playerStore sleep timer a manual skip drops an ended-driven timer but keeps a countdown","status":"passed","title":"a manual skip drops an ended-driven timer but keeps a countdown","duration":1.5203000000000202,"failureMessages":[],"meta":{}},{"ancestorTitles":["playerStore sleep timer"],"fullName":"playerStore sleep timer pauses on the natural end of the current track (no repeat, no advance)","status":"passed","title":"pauses on the natural end of the current track (no repeat, no advance)","duration":1.1324999999999363,"failureMessages":[],"meta":{}},{"ancestorTitles":["playerStore sleep timer"],"fullName":"playerStore sleep timer keeps playing through the queue and only stops once the queue ends","status":"passed","title":"keeps playing through the queue and only stops once the queue ends","duration":1.2892000000000507,"failureMessages":[],"meta":{}},{"ancestorTitles":["playerStore sleep timer"],"fullName":"playerStore sleep timer stops a single-track queue instead of looping forever","status":"passed","title":"stops a single-track queue instead of looping forever","duration":1.6585999999999785,"failureMessages":[],"meta":{}},{"ancestorTitles":["playerStore sleep timer"],"fullName":"playerStore sleep timer never persists the timer — a restart starts with sleep off","status":"passed","title":"never persists the timer — a restart starts with sleep off","duration":1.61749999999995,"failureMessages":[],"meta":{}},{"ancestorTitles":["playerStore sleep timer"],"fullName":"playerStore sleep timer wraps back to index 0 when the last track ends with no timer armed","status":"passed","title":"wraps back to index 0 when the last track ends with no timer armed","duration":0.9990999999999985,"failureMessages":[],"meta":{}},{"ancestorTitles":["playerStore sleep timer"],"fullName":"playerStore sleep timer wraps back to index 0 on a manual next from the last track","status":"passed","title":"wraps back to index 0 on a manual next from the last track","duration":0.9260000000000446,"failureMessages":[],"meta":{}},{"ancestorTitles":["playerStore sleep timer"],"fullName":"playerStore sleep timer still wraps in 'one' mode when the user explicitly skips","status":"passed","title":"still wraps in 'one' mode when the user explicitly skips","duration":0.8354000000000497,"failureMessages":[],"meta":{}},{"ancestorTitles":["playerStore sleep timer"],"fullName":"playerStore sleep timer a multi-track queue timer fires on the first natural end in 'one' mode","status":"passed","title":"a multi-track queue timer fires on the first natural end in 'one' mode","duration":1.2653000000000247,"failureMessages":[],"meta":{}},{"ancestorTitles":["playerStore sleep timer"],"fullName":"playerStore sleep timer does not fire a 'queue' timer on a mid-queue natural end in list mode","status":"passed","title":"does not fire a 'queue' timer on a mid-queue natural end in list mode","duration":1.0364999999999327,"failureMessages":[],"meta":{}},{"ancestorTitles":["playerStore sleep timer"],"fullName":"playerStore sleep timer still stops immediately when a one-track queue repeats in 'one' mode","status":"passed","title":"still stops immediately when a one-track queue repeats in 'one' mode","duration":0.7642999999999347,"failureMessages":[],"meta":{}},{"ancestorTitles":["playerStore sleep timer"],"fullName":"playerStore sleep timer a manual skip only drops the track timer, keeping an armed queue timer","status":"passed","title":"a manual skip only drops the track timer, keeping an armed queue timer","duration":1.0430000000000064,"failureMessages":[],"meta":{}}],"startTime":1789214660973,"endTime":1789214661014.043,"status":"passed","message":"","name":"C:/博830/vibecoding/nebula-player/src/renderer/src/lib/__tests__/playerStoreSleep.test.ts"},{"assertionResults":[{"ancestorTitles":["withQueueContext"],"fullName":"withQueueContext expands a single request to the same album first","status":"passed","title":"expands a single request to the same album first","duration":2.5095000000000027,"failureMessages":[],"meta":{}},{"ancestorTitles":["withQueueContext"],"fullName":"withQueueContext falls back to the same artist when the album is too small","status":"passed","title":"falls back to the same artist when the album is too small","duration":0.46769999999997935,"failureMessages":[],"meta":{}},{"ancestorTitles":["withQueueContext"],"fullName":"withQueueContext fills from the whole library when the artist has too few tracks","status":"passed","title":"fills from the whole library when the artist has too few tracks","duration":1.241199999999992,"failureMessages":[],"meta":{}},{"ancestorTitles":["withQueueContext"],"fullName":"withQueueContext never duplicates the requested track and drops missing ids","status":"passed","title":"never duplicates the requested track and drops missing ids","duration":0.2635999999999967,"failureMessages":[],"meta":{}},{"ancestorTitles":["withQueueContext"],"fullName":"withQueueContext respects the 50-track cap","status":"passed","title":"respects the 50-track cap","duration":0.49459999999999127,"failureMessages":[],"meta":{}},{"ancestorTitles":["withQueueContext"],"fullName":"withQueueContext honours a custom cap","status":"passed","title":"honours a custom cap","duration":0.39730000000002974,"failureMessages":[],"meta":{}},{"ancestorTitles":["withQueueContext"],"fullName":"withQueueContext returns multi-track requests untouched","status":"passed","title":"returns multi-track requests untouched","duration":0.23599999999999,"failureMessages":[],"meta":{}},{"ancestorTitles":["withQueueContext"],"fullName":"withQueueContext returns the request untouched when the library has a single track","status":"passed","title":"returns the request untouched when the library has a single track","duration":0.204400000000021,"failureMessages":[],"meta":{}},{"ancestorTitles":["withQueueContext"],"fullName":"withQueueContext keeps library order within each fill stage","status":"passed","title":"keeps library order within each fill stage","duration":0.29899999999997817,"failureMessages":[],"meta":{}}],"startTime":1789214660819,"endTime":1789214660825.299,"status":"passed","message":"","name":"C:/博830/vibecoding/nebula-player/src/renderer/src/lib/__tests__/queue.test.ts"},{"assertionResults":[{"ancestorTitles":["buildTasteProfile"],"fullName":"buildTasteProfile aggregates artist and genre plays","status":"passed","title":"aggregates artist and genre plays","duration":4.7707000000000335,"failureMessages":[],"meta":{}},{"ancestorTitles":["buildTasteProfile"],"fullName":"buildTasteProfile handles an empty history","status":"passed","title":"handles an empty history","duration":0.5367999999999711,"failureMessages":[],"meta":{}},{"ancestorTitles":["recommendTracks"],"fullName":"recommendTracks prefers favourite genres/artists and explains why","status":"passed","title":"prefers favourite genres/artists and explains why","duration":14.668199999999956,"failureMessages":[],"meta":{}},{"ancestorTitles":["recommendTracks"],"fullName":"recommendTracks penalises the most recently played track (R4d: asserts the observable effect)","status":"passed","title":"penalises the most recently played track (R4d: asserts the observable effect)","duration":0.7634000000000469,"failureMessages":[],"meta":{}},{"ancestorTitles":["recommendTracks"],"fullName":"recommendTracks ranks unplayed tracks first and labels them 新入库 (R4d: was mislabelled as a fallback)","status":"passed","title":"ranks unplayed tracks first and labels them 新入库 (R4d: was mislabelled as a fallback)","duration":0.9356999999999971,"failureMessages":[],"meta":{}},{"ancestorTitles":["recommendTracks"],"fullName":"recommendTracks skips missing files","status":"passed","title":"skips missing files","duration":0.4012000000000171,"failureMessages":[],"meta":{}}],"startTime":1789214660768,"endTime":1789214660790.4011,"status":"passed","message":"","name":"C:/博830/vibecoding/nebula-player/src/renderer/src/lib/__tests__/recommend.test.ts"},{"assertionResults":[{"ancestorTitles":["searchTracks"],"fullName":"searchTracks matches title substrings with relevance ranking","status":"passed","title":"matches title substrings with relevance ranking","duration":2.1058000000000447,"failureMessages":[],"meta":{}},{"ancestorTitles":["searchTracks"],"fullName":"searchTracks matches chinese titles","status":"passed","title":"matches chinese titles","duration":0.39609999999993306,"failureMessages":[],"meta":{}},{"ancestorTitles":["searchTracks"],"fullName":"searchTracks filters by artist and album exactly","status":"passed","title":"filters by artist and album exactly","duration":0.3727000000000089,"failureMessages":[],"meta":{}},{"ancestorTitles":["searchTracks"],"fullName":"searchTracks matches genre keywords","status":"passed","title":"matches genre keywords","duration":12.320799999999963,"failureMessages":[],"meta":{}},{"ancestorTitles":["searchTracks"],"fullName":"searchTracks is case-insensitive","status":"passed","title":"is case-insensitive","duration":0.38160000000004857,"failureMessages":[],"meta":{}},{"ancestorTitles":["searchTracks"],"fullName":"searchTracks handles empty queries","status":"passed","title":"handles empty queries","duration":0.1690000000000964,"failureMessages":[],"meta":{}},{"ancestorTitles":["groupers"],"fullName":"groupers groups artists by count","status":"passed","title":"groups artists by count","duration":0.41049999999995634,"failureMessages":[],"meta":{}},{"ancestorTitles":["groupers"],"fullName":"groupers groups albums by artist+album key","status":"passed","title":"groups albums by artist+album key","duration":0.4149999999999636,"failureMessages":[],"meta":{}},{"ancestorTitles":["groupers"],"fullName":"groupers groups folders by scan root","status":"passed","title":"groups folders by scan root","duration":0.3244999999999436,"failureMessages":[],"meta":{}}],"startTime":1789214660820,"endTime":1789214660837.3245,"status":"passed","message":"","name":"C:/博830/vibecoding/nebula-player/src/renderer/src/lib/__tests__/search.test.ts"},{"assertionResults":[{"ancestorTitles":["sleep timer arming"],"fullName":"sleep timer arming exposes the three offered durations","status":"passed","title":"exposes the three offered durations","duration":2.2309000000000196,"failureMessages":[],"meta":{}},{"ancestorTitles":["sleep timer arming"],"fullName":"sleep timer arming arms a countdown deadline in the future","status":"passed","title":"arms a countdown deadline in the future","duration":0.6275999999999158,"failureMessages":[],"meta":{}},{"ancestorTitles":["sleep timer arming"],"fullName":"sleep timer arming floors fractional minutes and clamps junk to a 0-minute countdown","status":"passed","title":"floors fractional minutes and clamps junk to a 0-minute countdown","duration":0.44029999999997926,"failureMessages":[],"meta":{}},{"ancestorTitles":["sleep timer arming"],"fullName":"sleep timer arming arms the two ended-driven modes without a deadline","status":"passed","title":"arms the two ended-driven modes without a deadline","duration":0.4293999999999869,"failureMessages":[],"meta":{}},{"ancestorTitles":["remaining time helpers"],"fullName":"remaining time helpers reports null for a missing timer or a non-countdown mode","status":"passed","title":"reports null for a missing timer or a non-countdown mode","duration":0.3365000000000009,"failureMessages":[],"meta":{}},{"ancestorTitles":["remaining time helpers"],"fullName":"remaining time helpers never goes below zero","status":"passed","title":"never goes below zero","duration":0.30189999999993233,"failureMessages":[],"meta":{}},{"ancestorTitles":["remaining time helpers"],"fullName":"remaining time helpers rounds seconds up so the badge starts at the full duration","status":"passed","title":"rounds seconds up so the badge starts at the full duration","duration":0.28320000000007894,"failureMessages":[],"meta":{}},{"ancestorTitles":["remaining time helpers"],"fullName":"remaining time helpers formats remaining seconds for the badge","status":"passed","title":"formats remaining seconds for the badge","duration":0.4230999999999767,"failureMessages":[],"meta":{}},{"ancestorTitles":["remaining time helpers"],"fullName":"remaining time helpers labels each mode and the off state","status":"passed","title":"labels each mode and the off state","duration":0.3710999999999558,"failureMessages":[],"meta":{}},{"ancestorTitles":["countdown ticking"],"fullName":"countdown ticking keeps counting until the deadline, then reports the expiry","status":"passed","title":"keeps counting until the deadline, then reports the expiry","duration":0.2899999999999636,"failureMessages":[],"meta":{}},{"ancestorTitles":["countdown ticking"],"fullName":"countdown ticking passes through timers without a countdown and the off state","status":"passed","title":"passes through timers without a countdown and the off state","duration":0.20929999999998472,"failureMessages":[],"meta":{}},{"ancestorTitles":["shouldStopOnEnded"],"fullName":"shouldStopOnEnded plays on normally when the timer is off","status":"passed","title":"plays on normally when the timer is off","duration":0.25469999999995707,"failureMessages":[],"meta":{}},{"ancestorTitles":["shouldStopOnEnded"],"fullName":"shouldStopOnEnded countdown mode never stops on a track ending","status":"passed","title":"countdown mode never stops on a track ending","duration":0.1917999999999438,"failureMessages":[],"meta":{}},{"ancestorTitles":["shouldStopOnEnded"],"fullName":"shouldStopOnEnded track mode stops the very first natural end, including single-track repeat","status":"passed","title":"track mode stops the very first natural end, including single-track repeat","duration":0.1774999999998954,"failureMessages":[],"meta":{}},{"ancestorTitles":["shouldStopOnEnded"],"fullName":"shouldStopOnEnded queue mode advances through the middle of the queue","status":"passed","title":"queue mode advances through the middle of the queue","duration":0.23769999999990432,"failureMessages":[],"meta":{}},{"ancestorTitles":["shouldStopOnEnded"],"fullName":"shouldStopOnEnded queue mode stops at the last track — no wrap-around","status":"passed","title":"queue mode stops at the last track — no wrap-around","duration":0.12580000000002656,"failureMessages":[],"meta":{}},{"ancestorTitles":["shouldStopOnEnded"],"fullName":"shouldStopOnEnded queue mode stops on the single-track queue (no endless loop)","status":"passed","title":"queue mode stops on the single-track queue (no endless loop)","duration":0.1251999999999498,"failureMessages":[],"meta":{}},{"ancestorTitles":["shouldStopOnEnded"],"fullName":"shouldStopOnEnded an explicit user skip wins over ended-driven modes","status":"passed","title":"an explicit user skip wins over ended-driven modes","duration":0.29290000000003147,"failureMessages":[],"meta":{}},{"ancestorTitles":["shouldStopOnEnded"],"fullName":"shouldStopOnEnded fires for track mode at any index, and for queue mode only at the end","status":"passed","title":"fires for track mode at any index, and for queue mode only at the end","duration":0.2599999999999909,"failureMessages":[],"meta":{}},{"ancestorTitles":["shouldStopOnEnded"],"fullName":"shouldStopOnEnded the trigger is independent of play mode (list and shuffle both honoured)","status":"passed","title":"the trigger is independent of play mode (list and shuffle both honoured)","duration":0.20320000000003802,"failureMessages":[],"meta":{}}],"startTime":1789214660784,"endTime":1789214660792.293,"status":"passed","message":"","name":"C:/博830/vibecoding/nebula-player/src/renderer/src/lib/__tests__/sleepTimer.test.ts"}]}