{"numTotalTestSuites":35,"numPassedTestSuites":35,"numFailedTestSuites":0,"numPendingTestSuites":0,"numTotalTests":118,"numPassedTests":118,"numFailedTests":0,"numPendingTests":0,"numTodoTests":0,"snapshot":{"added":0,"failure":false,"filesAdded":0,"filesRemoved":0,"filesRemovedList":[],"filesUnmatched":0,"filesUpdated":0,"matched":0,"total":0,"unchecked":0,"uncheckedKeysByFile":[],"unmatched":0,"updated":0,"didUpdate":false},"startTime":1789212260273,"success":true,"testResults":[{"assertionResults":[{"ancestorTitles":["parseLrc"],"fullName":"parseLrc parses standard [mm:ss.xx] timestamps","status":"passed","title":"parses standard [mm:ss.xx] timestamps","duration":2.236699999999928,"failureMessages":[],"meta":{}},{"ancestorTitles":["parseLrc"],"fullName":"parseLrc accepts [mm:ss] without a fraction and the [mm:ss:xx] colon form","status":"passed","title":"accepts [mm:ss] without a fraction and the [mm:ss:xx] colon form","duration":0.40980000000001837,"failureMessages":[],"meta":{}},{"ancestorTitles":["parseLrc"],"fullName":"parseLrc treats .5 / .50 / .500 identically (fraction scaled by digit count)","status":"passed","title":"treats .5 / .50 / .500 identically (fraction scaled by digit count)","duration":0.3486000000000331,"failureMessages":[],"meta":{}},{"ancestorTitles":["parseLrc"],"fullName":"parseLrc expands one line carrying several timestamps into several entries","status":"passed","title":"expands one line carrying several timestamps into several entries","duration":0.26710000000002765,"failureMessages":[],"meta":{}},{"ancestorTitles":["parseLrc"],"fullName":"parseLrc ignores metadata tags such as [ti:] and [ar:]","status":"passed","title":"ignores metadata tags such as [ti:] and [ar:]","duration":0.2500999999999749,"failureMessages":[],"meta":{}},{"ancestorTitles":["parseLrc"],"fullName":"parseLrc sorts out-of-order timestamps ascending","status":"passed","title":"sorts out-of-order timestamps ascending","duration":0.3330999999999449,"failureMessages":[],"meta":{}},{"ancestorTitles":["parseLrc"],"fullName":"parseLrc returns nothing for empty text or lines without a timestamp","status":"passed","title":"returns nothing for empty text or lines without a timestamp","duration":0.3007000000000062,"failureMessages":[],"meta":{}},{"ancestorTitles":["parseLrc"],"fullName":"parseLrc keeps an empty text for a timestamp-only line and handles CRLF","status":"passed","title":"keeps an empty text for a timestamp-only line and handles CRLF","duration":0.24889999999993506,"failureMessages":[],"meta":{}},{"ancestorTitles":["parseLrc"],"fullName":"parseLrc supports 3-digit minutes (long tracks) and 1-digit seconds","status":"passed","title":"supports 3-digit minutes (long tracks) and 1-digit seconds","duration":0.19180000000005748,"failureMessages":[],"meta":{}}],"startTime":1789212260936,"endTime":1789212260941.2488,"status":"passed","message":"","name":"C:/博830/vibecoding/nebula-player/src/main/__tests__/lrc.test.ts"},{"assertionResults":[{"ancestorTitles":["needsConvert"],"fullName":"needsConvert returns null for natively playable containers","status":"passed","title":"returns null for natively playable containers","duration":2.95150000000001,"failureMessages":[],"meta":{}},{"ancestorTitles":["needsConvert"],"fullName":"needsConvert routes ape to wav and aac to m4a","status":"passed","title":"routes ape to wav and aac to m4a","duration":0.4378000000000384,"failureMessages":[],"meta":{}},{"ancestorTitles":["needsConvert"],"fullName":"needsConvert returns null for unknown or missing extensions","status":"passed","title":"returns null for unknown or missing extensions","duration":0.2617000000000189,"failureMessages":[],"meta":{}},{"ancestorTitles":["needsConvert"],"fullName":"needsConvert is case-insensitive","status":"passed","title":"is case-insensitive","duration":0.2259999999999991,"failureMessages":[],"meta":{}},{"ancestorTitles":["needsConvert"],"fullName":"needsConvert uses only the final extension","status":"passed","title":"uses only the final extension","duration":0.20219999999994798,"failureMessages":[],"meta":{}},{"ancestorTitles":["needsConvert"],"fullName":"needsConvert exposes the underlying tables","status":"passed","title":"exposes the underlying tables","duration":0.24490000000002965,"failureMessages":[],"meta":{}},{"ancestorTitles":["mini window lyrics dedupe (A2 rule)"],"fullName":"mini window lyrics dedupe (A2 rule) issues one lyricsGet for a sustained stream of the same track","status":"passed","title":"issues one lyricsGet for a sustained stream of the same track","duration":1.200800000000072,"failureMessages":[],"meta":{}},{"ancestorTitles":["mini window lyrics dedupe (A2 rule)"],"fullName":"mini window lyrics dedupe (A2 rule) issues one fetch per distinct track when the track changes","status":"passed","title":"issues one fetch per distinct track when the track changes","duration":0.2998999999999796,"failureMessages":[],"meta":{}},{"ancestorTitles":["mini window lyrics dedupe (A2 rule)"],"fullName":"mini window lyrics dedupe (A2 rule) never paints a late response that belongs to the previous track","status":"passed","title":"never paints a late response that belongs to the previous track","duration":0.39999999999997726,"failureMessages":[],"meta":{}},{"ancestorTitles":["mini window lyrics dedupe (A2 rule)"],"fullName":"mini window lyrics dedupe (A2 rule) still paints the current track response after repeated pushes for it","status":"passed","title":"still paints the current track response after repeated pushes for it","duration":0.280399999999986,"failureMessages":[],"meta":{}},{"ancestorTitles":["mini window lyrics dedupe (A2 rule)"],"fullName":"mini window lyrics dedupe (A2 rule) re-fetches a track that comes back after playback stops","status":"passed","title":"re-fetches a track that comes back after playback stops","duration":0.30520000000001346,"failureMessages":[],"meta":{}}],"startTime":1789212260889,"endTime":1789212260896.3052,"status":"passed","message":"","name":"C:/博830/vibecoding/nebula-player/src/main/__tests__/mediaFormats.test.ts"},{"assertionResults":[{"ancestorTitles":["extOf"],"fullName":"extOf returns the lowercase extension without the dot","status":"passed","title":"returns the lowercase extension without the dot","duration":1.571700000000078,"failureMessages":[],"meta":{}},{"ancestorTitles":["extOf"],"fullName":"extOf returns an empty string when there is no extension","status":"passed","title":"returns an empty string when there is no extension","duration":0.2946999999999207,"failureMessages":[],"meta":{}},{"ancestorTitles":["displayFolderName"],"fullName":"displayFolderName uses the last path segment","status":"passed","title":"uses the last path segment","duration":0.31529999999997926,"failureMessages":[],"meta":{}},{"ancestorTitles":["mapLimit"],"fullName":"mapLimit preserves input order even when tasks resolve out of order","status":"passed","title":"preserves input order even when tasks resolve out of order","duration":39.607200000000034,"failureMessages":[],"meta":{}},{"ancestorTitles":["mapLimit"],"fullName":"mapLimit never runs more than `limit` tasks at once","status":"passed","title":"never runs more than `limit` tasks at once","duration":61.490299999999934,"failureMessages":[],"meta":{}},{"ancestorTitles":["mapLimit"],"fullName":"mapLimit handles empty input and a limit larger than the item count","status":"passed","title":"handles empty input and a limit larger than the item count","duration":0.4192000000000462,"failureMessages":[],"meta":{}},{"ancestorTitles":["mapLimit"],"fullName":"mapLimit receives the index alongside each item","status":"passed","title":"receives the index alongside each item","duration":0.2460999999999558,"failureMessages":[],"meta":{}},{"ancestorTitles":["collectAudioFiles"],"fullName":"collectAudioFiles collects supported audio recursively and skips hidden/tool dirs","status":"passed","title":"collects supported audio recursively and skips hidden/tool dirs","duration":2.3459000000000287,"failureMessages":[],"meta":{}},{"ancestorTitles":["collectAudioFiles"],"fullName":"collectAudioFiles does not descend into .hidden, node_modules or .git","status":"passed","title":"does not descend into .hidden, node_modules or .git","duration":1.6354000000000042,"failureMessages":[],"meta":{}},{"ancestorTitles":["collectAudioFiles"],"fullName":"collectAudioFiles imports a single supported file directly","status":"passed","title":"imports a single supported file directly","duration":2.060899999999947,"failureMessages":[],"meta":{}},{"ancestorTitles":["collectAudioFiles"],"fullName":"collectAudioFiles returns nothing for an unsupported single file or a missing path","status":"passed","title":"returns nothing for an unsupported single file or a missing path","duration":0.787900000000036,"failureMessages":[],"meta":{}},{"ancestorTitles":["collectAudioFiles"],"fullName":"collectAudioFiles stops immediately when the signal is already cancelled","status":"passed","title":"stops immediately when the signal is already cancelled","duration":0.3851999999999407,"failureMessages":[],"meta":{}}],"startTime":1789212260890,"endTime":1789212261023.3853,"status":"passed","message":"","name":"C:/博830/vibecoding/nebula-player/src/main/__tests__/scanner.test.ts"},{"assertionResults":[{"ancestorTitles":["destructive tool guard (tools.ts)"],"fullName":"destructive tool guard (tools.ts) knows which tools are destructive","status":"passed","title":"knows which tools are destructive","duration":3.0113000000000056,"failureMessages":[],"meta":{}},{"ancestorTitles":["destructive tool guard (tools.ts)"],"fullName":"destructive tool guard (tools.ts) summarises the pending operation for the confirmation bar","status":"passed","title":"summarises the pending operation for the confirmation bar","duration":0.769800000000032,"failureMessages":[],"meta":{}},{"ancestorTitles":["destructive tool guard (tools.ts)"],"fullName":"destructive tool guard (tools.ts) does NOT execute remove_from_playlist without user approval","status":"passed","title":"does NOT execute remove_from_playlist without user approval","duration":2.1018000000000256,"failureMessages":[],"meta":{}},{"ancestorTitles":["destructive tool guard (tools.ts)"],"fullName":"destructive tool guard (tools.ts) cannot be self-approved: a token only authorises its own run + call","status":"passed","title":"cannot be self-approved: a token only authorises its own run + call","duration":1.5405000000000655,"failureMessages":[],"meta":{}},{"ancestorTitles":["destructive tool guard (tools.ts)"],"fullName":"destructive tool guard (tools.ts) leaves non-destructive tools untouched (no confirmation, executed at once)","status":"passed","title":"leaves non-destructive tools untouched (no confirmation, executed at once)","duration":0.8157999999999674,"failureMessages":[],"meta":{}},{"ancestorTitles":["chat confirmation flow (chatStore.ts)"],"fullName":"chat confirmation flow (chatStore.ts) pauses the turn on a destructive call and continues as soon as the user confirms","status":"passed","title":"pauses the turn on a destructive call and continues as soon as the user confirms","duration":2.737700000000018,"failureMessages":[],"meta":{}},{"ancestorTitles":["chat confirmation flow (chatStore.ts)"],"fullName":"chat confirmation flow (chatStore.ts) tells the model the user cancelled and keeps the sequence intact (no duplicate tool message)","status":"passed","title":"tells the model the user cancelled and keeps the sequence intact (no duplicate tool message)","duration":0.94399999999996,"failureMessages":[],"meta":{}},{"ancestorTitles":["chat confirmation flow (chatStore.ts)"],"fullName":"chat confirmation flow (chatStore.ts) runs non-destructive calls inline without any confirmation","status":"passed","title":"runs non-destructive calls inline without any confirmation","duration":1.6171000000000504,"failureMessages":[],"meta":{}},{"ancestorTitles":["chat confirmation flow (chatStore.ts)"],"fullName":"chat confirmation flow (chatStore.ts) blocks new messages while a confirmation is pending","status":"passed","title":"blocks new messages while a confirmation is pending","duration":0.6875,"failureMessages":[],"meta":{}},{"ancestorTitles":["chat confirmation flow (chatStore.ts)"],"fullName":"chat confirmation flow (chatStore.ts) answers every tool call of the round when the destructive one is not last","status":"passed","title":"answers every tool call of the round when the destructive one is not last","duration":1.8370000000001028,"failureMessages":[],"meta":{}},{"ancestorTitles":["chat confirmation flow (chatStore.ts)"],"fullName":"chat confirmation flow (chatStore.ts) keeps the narration produced before the pause when the resumed round emits no text","status":"passed","title":"keeps the narration produced before the pause when the resumed round emits no text","duration":1.0844999999999345,"failureMessages":[],"meta":{}}],"startTime":1789212261099,"endTime":1789212261117.0845,"status":"passed","message":"","name":"C:/博830/vibecoding/nebula-player/src/renderer/src/lib/__tests__/chatConfirm.test.ts"},{"assertionResults":[{"ancestorTitles":["formatTime"],"fullName":"formatTime formats minutes and seconds","status":"passed","title":"formats minutes and seconds","duration":1.5856999999999744,"failureMessages":[],"meta":{}},{"ancestorTitles":["formatTime"],"fullName":"formatTime formats hours","status":"passed","title":"formats hours","duration":0.301400000000001,"failureMessages":[],"meta":{}},{"ancestorTitles":["formatTime"],"fullName":"formatTime handles invalid input","status":"passed","title":"handles invalid input","duration":0.23540000000002692,"failureMessages":[],"meta":{}},{"ancestorTitles":["formatDuration"],"fullName":"formatDuration summarizes durations","status":"passed","title":"summarizes durations","duration":0.38589999999999236,"failureMessages":[],"meta":{}}],"startTime":1789212260936,"endTime":1789212260938.386,"status":"passed","message":"","name":"C:/博830/vibecoding/nebula-player/src/renderer/src/lib/__tests__/format.test.ts"},{"assertionResults":[{"ancestorTitles":["lyricsOffset — stepping"],"fullName":"lyricsOffset — stepping adjusts by the ±0.5s step","status":"passed","title":"adjusts by the ±0.5s step","duration":2.8151000000000295,"failureMessages":[],"meta":{}},{"ancestorTitles":["lyricsOffset — stepping"],"fullName":"lyricsOffset — stepping clamps to ±30s in both directions","status":"passed","title":"clamps to ±30s in both directions","duration":0.48460000000000036,"failureMessages":[],"meta":{}},{"ancestorTitles":["lyricsOffset — stepping"],"fullName":"lyricsOffset — stepping rounds to 0.1s precision","status":"passed","title":"rounds to 0.1s precision","duration":0.3088000000000193,"failureMessages":[],"meta":{}},{"ancestorTitles":["lyricsOffset — stepping"],"fullName":"lyricsOffset — stepping treats non-finite input as zero rather than NaN","status":"passed","title":"treats non-finite input as zero rather than NaN","duration":0.22289999999998145,"failureMessages":[],"meta":{}},{"ancestorTitles":["lyricsOffset — storage"],"fullName":"lyricsOffset — storage stores per track and keeps trackIds isolated","status":"passed","title":"stores per track and keeps trackIds isolated","duration":0.28909999999996217,"failureMessages":[],"meta":{}},{"ancestorTitles":["lyricsOffset — storage"],"fullName":"lyricsOffset — storage removes the entry (and the key) when the offset becomes 0","status":"passed","title":"removes the entry (and the key) when the offset becomes 0","duration":0.2803000000000111,"failureMessages":[],"meta":{}},{"ancestorTitles":["lyricsOffset — storage"],"fullName":"lyricsOffset — storage clearOffset forgets a single track only","status":"passed","title":"clearOffset forgets a single track only","duration":0.26940000000001874,"failureMessages":[],"meta":{}},{"ancestorTitles":["lyricsOffset — storage"],"fullName":"lyricsOffset — storage ignores a null/undefined/empty trackId without writing","status":"passed","title":"ignores a null/undefined/empty trackId without writing","duration":0.36789999999996326,"failureMessages":[],"meta":{}},{"ancestorTitles":["lyricsOffset — storage"],"fullName":"lyricsOffset — storage survives corrupt JSON and drops non-numeric entries","status":"passed","title":"survives corrupt JSON and drops non-numeric entries","duration":1.3788000000000693,"failureMessages":[],"meta":{}},{"ancestorTitles":["lyricsOffset — storage"],"fullName":"lyricsOffset — storage does not throw when localStorage is unavailable or missing","status":"passed","title":"does not throw when localStorage is unavailable or missing","duration":0.9499999999999318,"failureMessages":[],"meta":{}},{"ancestorTitles":["lyricsOffset — display + external store"],"fullName":"lyricsOffset — display + external store formatOffset renders signed tenths and clamps first","status":"passed","title":"formatOffset renders signed tenths and clamps first","duration":0.3024000000000342,"failureMessages":[],"meta":{}},{"ancestorTitles":["lyricsOffset — display + external store"],"fullName":"lyricsOffset — display + external store hasOffset is false for zero and for values that round to zero","status":"passed","title":"hasOffset is false for zero and for values that round to zero","duration":0.23439999999993688,"failureMessages":[],"meta":{}},{"ancestorTitles":["lyricsOffset — display + external store"],"fullName":"lyricsOffset — display + external store notifies subscribers on write and stops after unsubscribing","status":"passed","title":"notifies subscribers on write and stops after unsubscribing","duration":0.3953000000000202,"failureMessages":[],"meta":{}},{"ancestorTitles":["lyricsOffset — display + external store"],"fullName":"lyricsOffset — display + external store getOffsetSnapshot returns a live getter for useSyncExternalStore","status":"passed","title":"getOffsetSnapshot returns a live getter for useSyncExternalStore","duration":0.27289999999993597,"failureMessages":[],"meta":{}}],"startTime":1789212260893,"endTime":1789212260902.3953,"status":"passed","message":"","name":"C:/博830/vibecoding/nebula-player/src/renderer/src/lib/__tests__/lyricsOffset.test.ts"},{"assertionResults":[{"ancestorTitles":["playerStore sleep timer"],"fullName":"playerStore sleep timer arms a countdown, ticks the badge and pauses when it runs out","status":"passed","title":"arms a countdown, ticks the badge and pauses when it runs out","duration":23.115300000000047,"failureMessages":[],"meta":{}},{"ancestorTitles":["playerStore sleep timer"],"fullName":"playerStore sleep timer cancel clears the timer and stops the clock","status":"passed","title":"cancel clears the timer and stops the clock","duration":1.648300000000063,"failureMessages":[],"meta":{}},{"ancestorTitles":["playerStore sleep timer"],"fullName":"playerStore sleep timer arms both ended-driven modes without a deadline","status":"passed","title":"arms both ended-driven modes without a deadline","duration":2.3739000000000487,"failureMessages":[],"meta":{}},{"ancestorTitles":["playerStore sleep timer"],"fullName":"playerStore sleep timer a manual skip drops an ended-driven timer but keeps a countdown","status":"passed","title":"a manual skip drops an ended-driven timer but keeps a countdown","duration":1.510499999999979,"failureMessages":[],"meta":{}},{"ancestorTitles":["playerStore sleep timer"],"fullName":"playerStore sleep timer pauses on the natural end of the current track (no repeat, no advance)","status":"passed","title":"pauses on the natural end of the current track (no repeat, no advance)","duration":1.1499999999999773,"failureMessages":[],"meta":{}},{"ancestorTitles":["playerStore sleep timer"],"fullName":"playerStore sleep timer keeps playing through the queue and only stops once the queue ends","status":"passed","title":"keeps playing through the queue and only stops once the queue ends","duration":1.3094999999999573,"failureMessages":[],"meta":{}},{"ancestorTitles":["playerStore sleep timer"],"fullName":"playerStore sleep timer stops a single-track queue instead of looping forever","status":"passed","title":"stops a single-track queue instead of looping forever","duration":0.8020000000000209,"failureMessages":[],"meta":{}},{"ancestorTitles":["playerStore sleep timer"],"fullName":"playerStore sleep timer never persists the timer — a restart starts with sleep off","status":"passed","title":"never persists the timer — a restart starts with sleep off","duration":1.4131000000000995,"failureMessages":[],"meta":{}},{"ancestorTitles":["playerStore sleep timer"],"fullName":"playerStore sleep timer wraps back to index 0 when the last track ends with no timer armed","status":"passed","title":"wraps back to index 0 when the last track ends with no timer armed","duration":1.0079999999999245,"failureMessages":[],"meta":{}},{"ancestorTitles":["playerStore sleep timer"],"fullName":"playerStore sleep timer wraps back to index 0 on a manual next from the last track","status":"passed","title":"wraps back to index 0 on a manual next from the last track","duration":0.8351999999999862,"failureMessages":[],"meta":{}},{"ancestorTitles":["playerStore sleep timer"],"fullName":"playerStore sleep timer still wraps in 'one' mode when the user explicitly skips","status":"passed","title":"still wraps in 'one' mode when the user explicitly skips","duration":0.7382000000000062,"failureMessages":[],"meta":{}},{"ancestorTitles":["playerStore sleep timer"],"fullName":"playerStore sleep timer an armed queue timer fires when the only track repeats in 'one' mode","status":"passed","title":"an armed queue timer fires when the only track repeats in 'one' mode","duration":0.7912000000000035,"failureMessages":[],"meta":{}},{"ancestorTitles":["playerStore sleep timer"],"fullName":"playerStore sleep timer a manual skip only drops the track timer, keeping an armed queue timer","status":"passed","title":"a manual skip only drops the track timer, keeping an armed queue timer","duration":0.9792999999999665,"failureMessages":[],"meta":{}}],"startTime":1789212261074,"endTime":1789212261111.9792,"status":"passed","message":"","name":"C:/博830/vibecoding/nebula-player/src/renderer/src/lib/__tests__/playerStoreSleep.test.ts"},{"assertionResults":[{"ancestorTitles":["withQueueContext"],"fullName":"withQueueContext expands a single request to the same album first","status":"passed","title":"expands a single request to the same album first","duration":2.26419999999996,"failureMessages":[],"meta":{}},{"ancestorTitles":["withQueueContext"],"fullName":"withQueueContext falls back to the same artist when the album is too small","status":"passed","title":"falls back to the same artist when the album is too small","duration":0.4571000000000254,"failureMessages":[],"meta":{}},{"ancestorTitles":["withQueueContext"],"fullName":"withQueueContext fills from the whole library when the artist has too few tracks","status":"passed","title":"fills from the whole library when the artist has too few tracks","duration":1.6047999999999547,"failureMessages":[],"meta":{}},{"ancestorTitles":["withQueueContext"],"fullName":"withQueueContext never duplicates the requested track and drops missing ids","status":"passed","title":"never duplicates the requested track and drops missing ids","duration":0.33159999999998035,"failureMessages":[],"meta":{}},{"ancestorTitles":["withQueueContext"],"fullName":"withQueueContext respects the 50-track cap","status":"passed","title":"respects the 50-track cap","duration":0.6059999999999945,"failureMessages":[],"meta":{}},{"ancestorTitles":["withQueueContext"],"fullName":"withQueueContext honours a custom cap","status":"passed","title":"honours a custom cap","duration":0.39039999999999964,"failureMessages":[],"meta":{}},{"ancestorTitles":["withQueueContext"],"fullName":"withQueueContext returns multi-track requests untouched","status":"passed","title":"returns multi-track requests untouched","duration":0.19889999999998054,"failureMessages":[],"meta":{}},{"ancestorTitles":["withQueueContext"],"fullName":"withQueueContext returns the request untouched when the library has a single track","status":"passed","title":"returns the request untouched when the library has a single track","duration":0.28829999999999245,"failureMessages":[],"meta":{}},{"ancestorTitles":["withQueueContext"],"fullName":"withQueueContext keeps library order within each fill stage","status":"passed","title":"keeps library order within each fill stage","duration":0.28750000000002274,"failureMessages":[],"meta":{}}],"startTime":1789212260891,"endTime":1789212260897.2883,"status":"passed","message":"","name":"C:/博830/vibecoding/nebula-player/src/renderer/src/lib/__tests__/queue.test.ts"},{"assertionResults":[{"ancestorTitles":["buildTasteProfile"],"fullName":"buildTasteProfile aggregates artist and genre plays","status":"passed","title":"aggregates artist and genre plays","duration":3.480099999999993,"failureMessages":[],"meta":{}},{"ancestorTitles":["buildTasteProfile"],"fullName":"buildTasteProfile handles an empty history","status":"passed","title":"handles an empty history","duration":0.6951999999999998,"failureMessages":[],"meta":{}},{"ancestorTitles":["recommendTracks"],"fullName":"recommendTracks prefers favourite genres/artists and explains why","status":"passed","title":"prefers favourite genres/artists and explains why","duration":11.119100000000003,"failureMessages":[],"meta":{}},{"ancestorTitles":["recommendTracks"],"fullName":"recommendTracks penalises the most recently played tracks","status":"passed","title":"penalises the most recently played tracks","duration":0.3225999999999658,"failureMessages":[],"meta":{}},{"ancestorTitles":["recommendTracks"],"fullName":"recommendTracks falls back to newest imports without any history","status":"passed","title":"falls back to newest imports without any history","duration":0.7509000000000015,"failureMessages":[],"meta":{}},{"ancestorTitles":["recommendTracks"],"fullName":"recommendTracks skips missing files","status":"passed","title":"skips missing files","duration":0.4013999999999669,"failureMessages":[],"meta":{}}],"startTime":1789212260938,"endTime":1789212260955.4014,"status":"passed","message":"","name":"C:/博830/vibecoding/nebula-player/src/renderer/src/lib/__tests__/recommend.test.ts"},{"assertionResults":[{"ancestorTitles":["searchTracks"],"fullName":"searchTracks matches title substrings with relevance ranking","status":"passed","title":"matches title substrings with relevance ranking","duration":1.9893999999999323,"failureMessages":[],"meta":{}},{"ancestorTitles":["searchTracks"],"fullName":"searchTracks matches chinese titles","status":"passed","title":"matches chinese titles","duration":0.3227999999999156,"failureMessages":[],"meta":{}},{"ancestorTitles":["searchTracks"],"fullName":"searchTracks filters by artist and album exactly","status":"passed","title":"filters by artist and album exactly","duration":0.4294999999999618,"failureMessages":[],"meta":{}},{"ancestorTitles":["searchTracks"],"fullName":"searchTracks matches genre keywords","status":"passed","title":"matches genre keywords","duration":13.573599999999942,"failureMessages":[],"meta":{}},{"ancestorTitles":["searchTracks"],"fullName":"searchTracks is case-insensitive","status":"passed","title":"is case-insensitive","duration":0.32519999999999527,"failureMessages":[],"meta":{}},{"ancestorTitles":["searchTracks"],"fullName":"searchTracks handles empty queries","status":"passed","title":"handles empty queries","duration":0.22690000000000055,"failureMessages":[],"meta":{}},{"ancestorTitles":["groupers"],"fullName":"groupers groups artists by count","status":"passed","title":"groups artists by count","duration":0.4497000000000071,"failureMessages":[],"meta":{}},{"ancestorTitles":["groupers"],"fullName":"groupers groups albums by artist+album key","status":"passed","title":"groups albums by artist+album key","duration":0.5031999999999925,"failureMessages":[],"meta":{}},{"ancestorTitles":["groupers"],"fullName":"groupers groups folders by scan root","status":"passed","title":"groups folders by scan root","duration":0.3342999999999847,"failureMessages":[],"meta":{}}],"startTime":1789212260892,"endTime":1789212260910.5032,"status":"passed","message":"","name":"C:/博830/vibecoding/nebula-player/src/renderer/src/lib/__tests__/search.test.ts"},{"assertionResults":[{"ancestorTitles":["sleep timer arming"],"fullName":"sleep timer arming exposes the three offered durations","status":"passed","title":"exposes the three offered durations","duration":2.17470000000003,"failureMessages":[],"meta":{}},{"ancestorTitles":["sleep timer arming"],"fullName":"sleep timer arming arms a countdown deadline in the future","status":"passed","title":"arms a countdown deadline in the future","duration":0.5497000000000298,"failureMessages":[],"meta":{}},{"ancestorTitles":["sleep timer arming"],"fullName":"sleep timer arming floors fractional minutes and clamps junk to a 0-minute countdown","status":"passed","title":"floors fractional minutes and clamps junk to a 0-minute countdown","duration":0.3712000000000444,"failureMessages":[],"meta":{}},{"ancestorTitles":["sleep timer arming"],"fullName":"sleep timer arming arms the two ended-driven modes without a deadline","status":"passed","title":"arms the two ended-driven modes without a deadline","duration":0.36410000000000764,"failureMessages":[],"meta":{}},{"ancestorTitles":["remaining time helpers"],"fullName":"remaining time helpers reports null for a missing timer or a non-countdown mode","status":"passed","title":"reports null for a missing timer or a non-countdown mode","duration":0.4410000000000309,"failureMessages":[],"meta":{}},{"ancestorTitles":["remaining time helpers"],"fullName":"remaining time helpers never goes below zero","status":"passed","title":"never goes below zero","duration":0.4438000000000102,"failureMessages":[],"meta":{}},{"ancestorTitles":["remaining time helpers"],"fullName":"remaining time helpers rounds seconds up so the badge starts at the full duration","status":"passed","title":"rounds seconds up so the badge starts at the full duration","duration":0.4436000000000604,"failureMessages":[],"meta":{}},{"ancestorTitles":["remaining time helpers"],"fullName":"remaining time helpers formats remaining seconds for the badge","status":"passed","title":"formats remaining seconds for the badge","duration":0.7139000000000806,"failureMessages":[],"meta":{}},{"ancestorTitles":["remaining time helpers"],"fullName":"remaining time helpers labels each mode and the off state","status":"passed","title":"labels each mode and the off state","duration":0.4438000000000102,"failureMessages":[],"meta":{}},{"ancestorTitles":["countdown ticking"],"fullName":"countdown ticking keeps counting until the deadline, then reports the expiry","status":"passed","title":"keeps counting until the deadline, then reports the expiry","duration":0.3712000000000444,"failureMessages":[],"meta":{}},{"ancestorTitles":["countdown ticking"],"fullName":"countdown ticking passes through timers without a countdown and the off state","status":"passed","title":"passes through timers without a countdown and the off state","duration":0.28710000000000946,"failureMessages":[],"meta":{}},{"ancestorTitles":["shouldStopOnEnded"],"fullName":"shouldStopOnEnded plays on normally when the timer is off","status":"passed","title":"plays on normally when the timer is off","duration":0.2944999999999709,"failureMessages":[],"meta":{}},{"ancestorTitles":["shouldStopOnEnded"],"fullName":"shouldStopOnEnded countdown mode never stops on a track ending","status":"passed","title":"countdown mode never stops on a track ending","duration":0.23289999999997235,"failureMessages":[],"meta":{}},{"ancestorTitles":["shouldStopOnEnded"],"fullName":"shouldStopOnEnded track mode stops the very first natural end, including single-track repeat","status":"passed","title":"track mode stops the very first natural end, including single-track repeat","duration":0.21219999999993888,"failureMessages":[],"meta":{}},{"ancestorTitles":["shouldStopOnEnded"],"fullName":"shouldStopOnEnded queue mode advances through the middle of the queue","status":"passed","title":"queue mode advances through the middle of the queue","duration":0.25110000000006494,"failureMessages":[],"meta":{}},{"ancestorTitles":["shouldStopOnEnded"],"fullName":"shouldStopOnEnded queue mode stops at the last track — no wrap-around","status":"passed","title":"queue mode stops at the last track — no wrap-around","duration":0.1771000000001095,"failureMessages":[],"meta":{}},{"ancestorTitles":["shouldStopOnEnded"],"fullName":"shouldStopOnEnded queue mode stops on the single-track queue (no endless loop)","status":"passed","title":"queue mode stops on the single-track queue (no endless loop)","duration":0.20460000000002765,"failureMessages":[],"meta":{}},{"ancestorTitles":["shouldStopOnEnded"],"fullName":"shouldStopOnEnded an explicit user skip wins over ended-driven modes","status":"passed","title":"an explicit user skip wins over ended-driven modes","duration":0.23680000000001655,"failureMessages":[],"meta":{}},{"ancestorTitles":["shouldStopOnEnded"],"fullName":"shouldStopOnEnded fires for track mode at any index, and for queue mode only at the end","status":"passed","title":"fires for track mode at any index, and for queue mode only at the end","duration":0.26919999999995525,"failureMessages":[],"meta":{}},{"ancestorTitles":["shouldStopOnEnded"],"fullName":"shouldStopOnEnded the trigger is independent of play mode (list and shuffle both honoured)","status":"passed","title":"the trigger is independent of play mode (list and shuffle both honoured)","duration":0.17680000000007112,"failureMessages":[],"meta":{}}],"startTime":1789212260889,"endTime":1789212260899.2693,"status":"passed","message":"","name":"C:/博830/vibecoding/nebula-player/src/renderer/src/lib/__tests__/sleepTimer.test.ts"}]}